<?xml version="1.0" encoding="UTF-8"?>
<robot generator="Robot 4.1 (Python 3.9.6 on win32)" generated="20210820 02:43:04.762" rpa="false" schemaversion="2">
<suite id="s1" name="Create Employee And Approve" source="E:\automation\hrms-robot\tests\smoke\ems\create_employee_and_approve.robot">
<test id="s1-t1" name="Smoke Testing: Create an Employee and approve by admin">
<kw name="SetUp" library="base_keywords" type="SETUP">
<doc>Open url in chrome browser</doc>
<kw name="Open Browser" library="SeleniumLibrary">
<arg>${url}</arg>
<arg>${browser}</arg>
<doc>Opens a new browser instance to the optional ``url``.</doc>
<msg timestamp="20210820 02:43:05.380" level="INFO">Opening browser 'chrome' to base url 'https://test.beyondhr.cloud'.</msg>
<status status="PASS" starttime="20210820 02:43:05.380" endtime="20210820 02:43:14.754"/>
</kw>
<kw name="Maximize Browser Window" library="SeleniumLibrary">
<doc>Maximizes current browser window.</doc>
<status status="PASS" starttime="20210820 02:43:14.754" endtime="20210820 02:43:14.892"/>
</kw>
<status status="PASS" starttime="20210820 02:43:05.380" endtime="20210820 02:43:14.893"/>
</kw>
<kw name="Create an employee">
<doc>Creating an employee in EMS</doc>
<kw name="Login as an Admin" library="base_keywords">
<doc>Login as an Admin</doc>
<kw name="Wait Until Element Is Visible" library="SeleniumLibrary">
<arg>${signin_btn}</arg>
<doc>Waits until the element ``locator`` is visible.</doc>
<status status="PASS" starttime="20210820 02:43:14.904" endtime="20210820 02:43:17.405"/>
</kw>
<kw name="Input Text" library="SeleniumLibrary">
<arg>${username_field}</arg>
<arg>${admin_username}</arg>
<doc>Types the given ``text`` into the text field identified by ``locator``.</doc>
<msg timestamp="20210820 02:43:17.406" level="INFO">Typing text 'admin@admin.com' into text field '//*[@id="m_login"]/div[2]/div/div[2]/form/div[1]/input'.</msg>
<status status="PASS" starttime="20210820 02:43:17.405" endtime="20210820 02:43:17.581"/>
</kw>
<kw name="Input Text" library="SeleniumLibrary">
<arg>${password_field}</arg>
<arg>${admin_pass}</arg>
<doc>Types the given ``text`` into the text field identified by ``locator``.</doc>
<msg timestamp="20210820 02:43:17.582" level="INFO">Typing text 'testadmin' into text field '//*[@id="m_login"]/div[2]/div/div[2]/form/div[2]/input'.</msg>
<status status="PASS" starttime="20210820 02:43:17.581" endtime="20210820 02:43:17.726"/>
</kw>
<kw name="Click Button" library="SeleniumLibrary">
<arg>${signin_btn}</arg>
<doc>Clicks the button identified by ``locator``.</doc>
<msg timestamp="20210820 02:43:17.726" level="INFO">Clicking button '//*[@id="m_login_signin_submit"]'.</msg>
<status status="PASS" starttime="20210820 02:43:17.726" endtime="20210820 02:43:17.820"/>
</kw>
<kw name="Wait Until Element Is Visible" library="SeleniumLibrary">
<arg>${dashboard_logo}</arg>
<doc>Waits until the element ``locator`` is visible.</doc>
<status status="PASS" starttime="20210820 02:43:17.820" endtime="20210820 02:43:21.406"/>
</kw>
<status status="PASS" starttime="20210820 02:43:14.902" endtime="20210820 02:43:21.407"/>
</kw>
<kw name="Navigate To Employee Registration Wizard" library="app_navigation_keywords">
<doc>Navigate to the employee registration wizard</doc>
<kw name="Wait Until Page Contains Element" library="SeleniumLibrary">
<arg>${menu_icon}</arg>
<doc>Waits until the element ``locator`` appears on the current page.</doc>
<status status="PASS" starttime="20210820 02:43:21.407" endtime="20210820 02:43:21.423"/>
</kw>
<kw name="Click Element" library="SeleniumLibrary">
<arg>${menu_icon}</arg>
<doc>Click the element identified by ``locator``.</doc>
<msg timestamp="20210820 02:43:21.424" level="INFO">Clicking element '//i[@class='m-menu__link-icon flaticon-user-add']'.</msg>
<status status="PASS" starttime="20210820 02:43:21.423" endtime="20210820 02:43:21.583"/>
</kw>
<kw name="Wait Until Element Is Visible" library="SeleniumLibrary">
<arg>${employee_creation_option}</arg>
<doc>Waits until the element ``locator`` is visible.</doc>
<status status="PASS" starttime="20210820 02:43:21.583" endtime="20210820 02:43:21.616"/>
</kw>
<kw name="Click Element" library="SeleniumLibrary">
<arg>${employee_creation_option}</arg>
<doc>Click the element identified by ``locator``.</doc>
<msg timestamp="20210820 02:43:21.617" level="INFO">Clicking element '//span[normalize-space()='Employee Creation']'.</msg>
<status status="PASS" starttime="20210820 02:43:21.617" endtime="20210820 02:43:21.756"/>
</kw>
<kw name="Wait Until Element Is Visible" library="SeleniumLibrary">
<arg>${employee_registration_btn}</arg>
<doc>Waits until the element ``locator`` is visible.</doc>
<status status="PASS" starttime="20210820 02:43:21.756" endtime="20210820 02:43:22.293"/>
</kw>
<kw name="Click Element" library="SeleniumLibrary">
<arg>${employee_registration_btn}</arg>
<doc>Click the element identified by ``locator``.</doc>
<msg timestamp="20210820 02:43:22.293" level="INFO">Clicking element '//input[contains(@value,'Employee Registration')]'.</msg>
<status status="PASS" starttime="20210820 02:43:22.293" endtime="20210820 02:43:22.392"/>
</kw>
<kw name="Wait Until Element Is Visible" library="SeleniumLibrary">
<arg>${wizard_header}</arg>
<doc>Waits until the element ``locator`` is visible.</doc>
<status status="PASS" starttime="20210820 02:43:22.392" endtime="20210820 02:43:24.703"/>
</kw>
<status status="PASS" starttime="20210820 02:43:21.407" endtime="20210820 02:43:24.704"/>
</kw>
<kw name="Fill Personal Information Details" library="employee_registration_smoke_keywords">
<doc>Filling Personal Information Details</doc>
<kw name="Export Test Data In Text File" library="common_keywords">
<arg>${file_path}</arg>
<kw name="Create File" library="OperatingSystem">
<arg>${td_file}</arg>
<arg>***TEST DATA***${\n}</arg>
<doc>Creates a file with the given content and encoding.</doc>
<msg timestamp="20210820 02:43:24.706" level="INFO" html="true">Created file '&lt;a href="file://E:\automation\hrms-robot\results\exported_test_data\ems\EMS_Mehul_Loyal_20_Aug_21__02_43_05_AM.txt"&gt;E:\automation\hrms-robot\results\exported_test_data\ems\EMS_Mehul_Loyal_20_Aug_21__02_43_05_AM.txt&lt;/a&gt;'.</msg>
<status status="PASS" starttime="20210820 02:43:24.705" endtime="20210820 02:43:24.706"/>
</kw>
<kw name="File Should Exist" library="OperatingSystem">
<arg>${td_file}</arg>
<doc>Fails unless the given ``path`` points to an existing file.</doc>
<msg timestamp="20210820 02:43:24.706" level="INFO" html="true">File '&lt;a href="file://E:\automation\hrms-robot\results\exported_test_data\ems\EMS_Mehul_Loyal_20_Aug_21__02_43_05_AM.txt"&gt;E:\automation\hrms-robot\results\exported_test_data\ems\EMS_Mehul_Loyal_20_Aug_21__02_43_05_AM.txt&lt;/a&gt;' exists.</msg>
<status status="PASS" starttime="20210820 02:43:24.706" endtime="20210820 02:43:24.706"/>
</kw>
<status status="PASS" starttime="20210820 02:43:24.704" endtime="20210820 02:43:24.707"/>
</kw>
<kw name="Append To File" library="OperatingSystem">
<arg>${file_path}</arg>
<arg>*********************** PERSONAL INFORMATION ***********************${\n}</arg>
<doc>Appends the given content to the specified file.</doc>
<msg timestamp="20210820 02:43:24.707" level="INFO" html="true">Appended to file '&lt;a href="file://E:\automation\hrms-robot\results\exported_test_data\ems\EMS_Mehul_Loyal_20_Aug_21__02_43_05_AM.txt"&gt;E:\automation\hrms-robot\results\exported_test_data\ems\EMS_Mehul_Loyal_20_Aug_21__02_43_05_AM.txt&lt;/a&gt;'.</msg>
<status status="PASS" starttime="20210820 02:43:24.707" endtime="20210820 02:43:24.708"/>
</kw>
<kw name="Fill Data In Input Field" library="common_keywords">
<arg>${firstNameField}</arg>
<arg>${first_name}</arg>
<arg>First Name</arg>
<doc>Fill Data In Input Field "${locator}" with value = ${value}</doc>
<kw name="Scroll If Elemenet Is Not Visible" library="common_keywords">
<arg>${locator}</arg>
<doc>Scroll element into view if not visible //form[@id='personalform']//input[contains(@name,'firstName')]</doc>
<kw name="Wait Until Element Is Visible" library="SeleniumLibrary">
<arg>${locator}</arg>
<doc>Waits until the element ``locator`` is visible.</doc>
<status status="PASS" starttime="20210820 02:43:24.723" endtime="20210820 02:43:24.754"/>
</kw>
<kw name="Get Element Count" library="SeleniumLibrary">
<var>${is_visible}</var>
<arg>${locator}</arg>
<doc>Returns the number of elements matching ``locator``.</doc>
<msg timestamp="20210820 02:43:24.767" level="INFO">${is_visible} = 1</msg>
<status status="PASS" starttime="20210820 02:43:24.754" endtime="20210820 02:43:24.767"/>
</kw>
<kw name="Run Keyword If" library="BuiltIn">
<arg>${is_visible}&lt;1</arg>
<arg>scroll element into view</arg>
<arg>${locator}</arg>
<doc>Runs the given keyword with the given arguments, if ``condition`` is true.</doc>
<status status="PASS" starttime="20210820 02:43:24.767" endtime="20210820 02:43:24.768"/>
</kw>
<status status="PASS" starttime="20210820 02:43:24.722" endtime="20210820 02:43:24.768"/>
</kw>
<kw name="Wait Until Element Is Visible" library="SeleniumLibrary">
<arg>${locator}</arg>
<doc>Waits until the element ``locator`` is visible.</doc>
<status status="PASS" starttime="20210820 02:43:24.768" endtime="20210820 02:43:24.788"/>
</kw>
<kw name="Wait Until Element Is Enabled" library="SeleniumLibrary">
<arg>${locator}</arg>
<doc>Waits until the element ``locator`` is enabled.</doc>
<status status="PASS" starttime="20210820 02:43:24.788" endtime="20210820 02:43:24.818"/>
</kw>
<kw name="Input Text" library="SeleniumLibrary">
<arg>${locator}</arg>
<arg>${value}</arg>
<doc>Types the given ``text`` into the text field identified by ``locator``.</doc>
<msg timestamp="20210820 02:43:24.819" level="INFO">Typing text 'Mehul' into text field '//form[@id='personalform']//input[contains(@name,'firstName')]'.</msg>
<status status="PASS" starttime="20210820 02:43:24.818" endtime="20210820 02:43:25.123"/>
</kw>
<kw name="Append To File" library="OperatingSystem">
<arg>${file_path}</arg>
<arg>${field_name} : ${value}\n</arg>
<doc>Appends the given content to the specified file.</doc>
<msg timestamp="20210820 02:43:25.126" level="INFO" html="true">Appended to file '&lt;a href="file://E:\automation\hrms-robot\results\exported_test_data\ems\EMS_Mehul_Loyal_20_Aug_21__02_43_05_AM.txt"&gt;E:\automation\hrms-robot\results\exported_test_data\ems\EMS_Mehul_Loyal_20_Aug_21__02_43_05_AM.txt&lt;/a&gt;'.</msg>
<status status="PASS" starttime="20210820 02:43:25.124" endtime="20210820 02:43:25.126"/>
</kw>
<status status="PASS" starttime="20210820 02:43:24.721" endtime="20210820 02:43:25.126"/>
</kw>
<kw name="Fill Data In Input Field" library="common_keywords">
<arg>${middleNameField}</arg>
<arg>${middle_name}</arg>
<arg>Middle Name</arg>
<doc>Fill Data In Input Field "${locator}" with value = ${value}</doc>
<kw name="Scroll If Elemenet Is Not Visible" library="common_keywords">
<arg>${locator}</arg>
<doc>Scroll element into view if not visible //form[@id='personalform']//input[contains(@name,'middleName')]</doc>
<kw name="Wait Until Element Is Visible" library="SeleniumLibrary">
<arg>${locator}</arg>
<doc>Waits until the element ``locator`` is visible.</doc>
<status status="PASS" starttime="20210820 02:43:25.138" endtime="20210820 02:43:25.169"/>
</kw>
<kw name="Get Element Count" library="SeleniumLibrary">
<var>${is_visible}</var>
<arg>${locator}</arg>
<doc>Returns the number of elements matching ``locator``.</doc>
<msg timestamp="20210820 02:43:25.178" level="INFO">${is_visible} = 1</msg>
<status status="PASS" starttime="20210820 02:43:25.169" endtime="20210820 02:43:25.178"/>
</kw>
<kw name="Run Keyword If" library="BuiltIn">
<arg>${is_visible}&lt;1</arg>
<arg>scroll element into view</arg>
<arg>${locator}</arg>
<doc>Runs the given keyword with the given arguments, if ``condition`` is true.</doc>
<status status="PASS" starttime="20210820 02:43:25.178" endtime="20210820 02:43:25.179"/>
</kw>
<status status="PASS" starttime="20210820 02:43:25.138" endtime="20210820 02:43:25.179"/>
</kw>
<kw name="Wait Until Element Is Visible" library="SeleniumLibrary">
<arg>${locator}</arg>
<doc>Waits until the element ``locator`` is visible.</doc>
<status status="PASS" starttime="20210820 02:43:25.179" endtime="20210820 02:43:25.198"/>
</kw>
<kw name="Wait Until Element Is Enabled" library="SeleniumLibrary">
<arg>${locator}</arg>
<doc>Waits until the element ``locator`` is enabled.</doc>
<status status="PASS" starttime="20210820 02:43:25.198" endtime="20210820 02:43:25.221"/>
</kw>
<kw name="Input Text" library="SeleniumLibrary">
<arg>${locator}</arg>
<arg>${value}</arg>
<doc>Types the given ``text`` into the text field identified by ``locator``.</doc>
<msg timestamp="20210820 02:43:25.222" level="INFO">Typing text 'Mehloy' into text field '//form[@id='personalform']//input[contains(@name,'middleName')]'.</msg>
<status status="PASS" starttime="20210820 02:43:25.221" endtime="20210820 02:43:25.448"/>
</kw>
<kw name="Append To File" library="OperatingSystem">
<arg>${file_path}</arg>
<arg>${field_name} : ${value}\n</arg>
<doc>Appends the given content to the specified file.</doc>
<msg timestamp="20210820 02:43:25.449" level="INFO" html="true">Appended to file '&lt;a href="file://E:\automation\hrms-robot\results\exported_test_data\ems\EMS_Mehul_Loyal_20_Aug_21__02_43_05_AM.txt"&gt;E:\automation\hrms-robot\results\exported_test_data\ems\EMS_Mehul_Loyal_20_Aug_21__02_43_05_AM.txt&lt;/a&gt;'.</msg>
<status status="PASS" starttime="20210820 02:43:25.448" endtime="20210820 02:43:25.449"/>
</kw>
<status status="PASS" starttime="20210820 02:43:25.137" endtime="20210820 02:43:25.449"/>
</kw>
<kw name="Fill Data In Input Field" library="common_keywords">
<arg>${lastNameField}</arg>
<arg>${last_name}</arg>
<arg>Last Name</arg>
<doc>Fill Data In Input Field "${locator}" with value = ${value}</doc>
<kw name="Scroll If Elemenet Is Not Visible" library="common_keywords">
<arg>${locator}</arg>
<doc>Scroll element into view if not visible //form[@id='personalform']//input[contains(@name,'lastName')]</doc>
<kw name="Wait Until Element Is Visible" library="SeleniumLibrary">
<arg>${locator}</arg>
<doc>Waits until the element ``locator`` is visible.</doc>
<status status="PASS" starttime="20210820 02:43:25.464" endtime="20210820 02:43:25.490"/>
</kw>
<kw name="Get Element Count" library="SeleniumLibrary">
<var>${is_visible}</var>
<arg>${locator}</arg>
<doc>Returns the number of elements matching ``locator``.</doc>
<msg timestamp="20210820 02:43:25.504" level="INFO">${is_visible} = 1</msg>
<status status="PASS" starttime="20210820 02:43:25.490" endtime="20210820 02:43:25.504"/>
</kw>
<kw name="Run Keyword If" library="BuiltIn">
<arg>${is_visible}&lt;1</arg>
<arg>scroll element into view</arg>
<arg>${locator}</arg>
<doc>Runs the given keyword with the given arguments, if ``condition`` is true.</doc>
<status status="PASS" starttime="20210820 02:43:25.504" endtime="20210820 02:43:25.504"/>
</kw>
<status status="PASS" starttime="20210820 02:43:25.463" endtime="20210820 02:43:25.504"/>
</kw>
<kw name="Wait Until Element Is Visible" library="SeleniumLibrary">
<arg>${locator}</arg>
<doc>Waits until the element ``locator`` is visible.</doc>
<status status="PASS" starttime="20210820 02:43:25.505" endtime="20210820 02:43:25.526"/>
</kw>
<kw name="Wait Until Element Is Enabled" library="SeleniumLibrary">
<arg>${locator}</arg>
<doc>Waits until the element ``locator`` is enabled.</doc>
<status status="PASS" starttime="20210820 02:43:25.526" endtime="20210820 02:43:25.548"/>
</kw>
<kw name="Input Text" library="SeleniumLibrary">
<arg>${locator}</arg>
<arg>${value}</arg>
<doc>Types the given ``text`` into the text field identified by ``locator``.</doc>
<msg timestamp="20210820 02:43:25.549" level="INFO">Typing text 'Loyal' into text field '//form[@id='personalform']//input[contains(@name,'lastName')]'.</msg>
<status status="PASS" starttime="20210820 02:43:25.548" endtime="20210820 02:43:25.757"/>
</kw>
<kw name="Append To File" library="OperatingSystem">
<arg>${file_path}</arg>
<arg>${field_name} : ${value}\n</arg>
<doc>Appends the given content to the specified file.</doc>
<msg timestamp="20210820 02:43:25.759" level="INFO" html="true">Appended to file '&lt;a href="file://E:\automation\hrms-robot\results\exported_test_data\ems\EMS_Mehul_Loyal_20_Aug_21__02_43_05_AM.txt"&gt;E:\automation\hrms-robot\results\exported_test_data\ems\EMS_Mehul_Loyal_20_Aug_21__02_43_05_AM.txt&lt;/a&gt;'.</msg>
<status status="PASS" starttime="20210820 02:43:25.758" endtime="20210820 02:43:25.759"/>
</kw>
<status status="PASS" starttime="20210820 02:43:25.461" endtime="20210820 02:43:25.759"/>
</kw>
<kw name="Fill Data In Input Field" library="common_keywords">
<arg>${contactNumField}</arg>
<arg>${mobile_no}</arg>
<arg>Mobile No.</arg>
<doc>Fill Data In Input Field "${locator}" with value = ${value}</doc>
<kw name="Scroll If Elemenet Is Not Visible" library="common_keywords">
<arg>${locator}</arg>
<doc>Scroll element into view if not visible //form[@id='personalform']//input[contains(@name,'contact')]</doc>
<kw name="Wait Until Element Is Visible" library="SeleniumLibrary">
<arg>${locator}</arg>
<doc>Waits until the element ``locator`` is visible.</doc>
<status status="PASS" starttime="20210820 02:43:25.770" endtime="20210820 02:43:25.793"/>
</kw>
<kw name="Get Element Count" library="SeleniumLibrary">
<var>${is_visible}</var>
<arg>${locator}</arg>
<doc>Returns the number of elements matching ``locator``.</doc>
<msg timestamp="20210820 02:43:25.803" level="INFO">${is_visible} = 1</msg>
<status status="PASS" starttime="20210820 02:43:25.793" endtime="20210820 02:43:25.803"/>
</kw>
<kw name="Run Keyword If" library="BuiltIn">
<arg>${is_visible}&lt;1</arg>
<arg>scroll element into view</arg>
<arg>${locator}</arg>
<doc>Runs the given keyword with the given arguments, if ``condition`` is true.</doc>
<status status="PASS" starttime="20210820 02:43:25.803" endtime="20210820 02:43:25.804"/>
</kw>
<status status="PASS" starttime="20210820 02:43:25.770" endtime="20210820 02:43:25.804"/>
</kw>
<kw name="Wait Until Element Is Visible" library="SeleniumLibrary">
<arg>${locator}</arg>
<doc>Waits until the element ``locator`` is visible.</doc>
<status status="PASS" starttime="20210820 02:43:25.804" endtime="20210820 02:43:25.824"/>
</kw>
<kw name="Wait Until Element Is Enabled" library="SeleniumLibrary">
<arg>${locator}</arg>
<doc>Waits until the element ``locator`` is enabled.</doc>
<status status="PASS" starttime="20210820 02:43:25.824" endtime="20210820 02:43:25.845"/>
</kw>
<kw name="Input Text" library="SeleniumLibrary">
<arg>${locator}</arg>
<arg>${value}</arg>
<doc>Types the given ``text`` into the text field identified by ``locator``.</doc>
<msg timestamp="20210820 02:43:25.845" level="INFO">Typing text '9835290949' into text field '//form[@id='personalform']//input[contains(@name,'contact')]'.</msg>
<status status="PASS" starttime="20210820 02:43:25.845" endtime="20210820 02:43:26.113"/>
</kw>
<kw name="Append To File" library="OperatingSystem">
<arg>${file_path}</arg>
<arg>${field_name} : ${value}\n</arg>
<doc>Appends the given content to the specified file.</doc>
<msg timestamp="20210820 02:43:26.115" level="INFO" html="true">Appended to file '&lt;a href="file://E:\automation\hrms-robot\results\exported_test_data\ems\EMS_Mehul_Loyal_20_Aug_21__02_43_05_AM.txt"&gt;E:\automation\hrms-robot\results\exported_test_data\ems\EMS_Mehul_Loyal_20_Aug_21__02_43_05_AM.txt&lt;/a&gt;'.</msg>
<status status="PASS" starttime="20210820 02:43:26.114" endtime="20210820 02:43:26.115"/>
</kw>
<status status="PASS" starttime="20210820 02:43:25.769" endtime="20210820 02:43:26.115"/>
</kw>
<kw name="Fill Data In Input Field" library="common_keywords">
<arg>${emailIDField}</arg>
<arg>${temp_email}</arg>
<arg>Email ID</arg>
<doc>Fill Data In Input Field "${locator}" with value = ${value}</doc>
<kw name="Scroll If Elemenet Is Not Visible" library="common_keywords">
<arg>${locator}</arg>
<doc>Scroll element into view if not visible //form[@id='personalform']//input[contains(@name,'email')]</doc>
<kw name="Wait Until Element Is Visible" library="SeleniumLibrary">
<arg>${locator}</arg>
<doc>Waits until the element ``locator`` is visible.</doc>
<status status="PASS" starttime="20210820 02:43:26.128" endtime="20210820 02:43:26.156"/>
</kw>
<kw name="Get Element Count" library="SeleniumLibrary">
<var>${is_visible}</var>
<arg>${locator}</arg>
<doc>Returns the number of elements matching ``locator``.</doc>
<msg timestamp="20210820 02:43:26.167" level="INFO">${is_visible} = 1</msg>
<status status="PASS" starttime="20210820 02:43:26.157" endtime="20210820 02:43:26.167"/>
</kw>
<kw name="Run Keyword If" library="BuiltIn">
<arg>${is_visible}&lt;1</arg>
<arg>scroll element into view</arg>
<arg>${locator}</arg>
<doc>Runs the given keyword with the given arguments, if ``condition`` is true.</doc>
<status status="PASS" starttime="20210820 02:43:26.167" endtime="20210820 02:43:26.167"/>
</kw>
<status status="PASS" starttime="20210820 02:43:26.127" endtime="20210820 02:43:26.167"/>
</kw>
<kw name="Wait Until Element Is Visible" library="SeleniumLibrary">
<arg>${locator}</arg>
<doc>Waits until the element ``locator`` is visible.</doc>
<status status="PASS" starttime="20210820 02:43:26.167" endtime="20210820 02:43:26.184"/>
</kw>
<kw name="Wait Until Element Is Enabled" library="SeleniumLibrary">
<arg>${locator}</arg>
<doc>Waits until the element ``locator`` is enabled.</doc>
<status status="PASS" starttime="20210820 02:43:26.185" endtime="20210820 02:43:26.207"/>
</kw>
<kw name="Input Text" library="SeleniumLibrary">
<arg>${locator}</arg>
<arg>${value}</arg>
<doc>Types the given ``text`` into the text field identified by ``locator``.</doc>
<msg timestamp="20210820 02:43:26.208" level="INFO">Typing text 'loyalme@gmail.com' into text field '//form[@id='personalform']//input[contains(@name,'email')]'.</msg>
<status status="PASS" starttime="20210820 02:43:26.207" endtime="20210820 02:43:26.501"/>
</kw>
<kw name="Append To File" library="OperatingSystem">
<arg>${file_path}</arg>
<arg>${field_name} : ${value}\n</arg>
<doc>Appends the given content to the specified file.</doc>
<msg timestamp="20210820 02:43:26.503" level="INFO" html="true">Appended to file '&lt;a href="file://E:\automation\hrms-robot\results\exported_test_data\ems\EMS_Mehul_Loyal_20_Aug_21__02_43_05_AM.txt"&gt;E:\automation\hrms-robot\results\exported_test_data\ems\EMS_Mehul_Loyal_20_Aug_21__02_43_05_AM.txt&lt;/a&gt;'.</msg>
<status status="PASS" starttime="20210820 02:43:26.501" endtime="20210820 02:43:26.503"/>
</kw>
<status status="PASS" starttime="20210820 02:43:26.126" endtime="20210820 02:43:26.503"/>
</kw>
<kw name="Select Random Option From Dropdown" library="common_keywords">
<arg>${maritalDropdownField}</arg>
<arg>Marital Status</arg>
<doc>Selecting a random option from the dropdown</doc>
<kw name="Scroll If Elemenet Is Not Visible" library="common_keywords">
<arg>${locator}</arg>
<doc>Scroll element into view if not visible //form[@id='personalform']//select[@name='martialStatus']</doc>
<kw name="Wait Until Element Is Visible" library="SeleniumLibrary">
<arg>${locator}</arg>
<doc>Waits until the element ``locator`` is visible.</doc>
<status status="PASS" starttime="20210820 02:43:26.504" endtime="20210820 02:43:26.536"/>
</kw>
<kw name="Get Element Count" library="SeleniumLibrary">
<var>${is_visible}</var>
<arg>${locator}</arg>
<doc>Returns the number of elements matching ``locator``.</doc>
<msg timestamp="20210820 02:43:26.545" level="INFO">${is_visible} = 1</msg>
<status status="PASS" starttime="20210820 02:43:26.536" endtime="20210820 02:43:26.545"/>
</kw>
<kw name="Run Keyword If" library="BuiltIn">
<arg>${is_visible}&lt;1</arg>
<arg>scroll element into view</arg>
<arg>${locator}</arg>
<doc>Runs the given keyword with the given arguments, if ``condition`` is true.</doc>
<status status="PASS" starttime="20210820 02:43:26.545" endtime="20210820 02:43:26.545"/>
</kw>
<status status="PASS" starttime="20210820 02:43:26.504" endtime="20210820 02:43:26.546"/>
</kw>
<kw name="Wait Until Element Is Enabled" library="SeleniumLibrary">
<arg>${locator}</arg>
<doc>Waits until the element ``locator`` is enabled.</doc>
<status status="PASS" starttime="20210820 02:43:26.546" endtime="20210820 02:43:26.568"/>
</kw>
<kw name="Click Element" library="SeleniumLibrary">
<arg>${locator}</arg>
<doc>Click the element identified by ``locator``.</doc>
<msg timestamp="20210820 02:43:26.568" level="INFO">Clicking element '//form[@id='personalform']//select[@name='martialStatus']'.</msg>
<status status="PASS" starttime="20210820 02:43:26.568" endtime="20210820 02:43:26.690"/>
</kw>
<kw name="Wait Until Element Is Visible" library="SeleniumLibrary">
<arg>${locator}//option[2]</arg>
<doc>Waits until the element ``locator`` is visible.</doc>
<status status="PASS" starttime="20210820 02:43:26.691" endtime="20210820 02:43:26.733"/>
</kw>
<kw name="Get List Items" library="SeleniumLibrary">
<var>${all_options}</var>
<arg>${locator}</arg>
<doc>Returns all labels or values of selection list ``locator``.</doc>
<msg timestamp="20210820 02:43:26.815" level="INFO">${all_options} = ['Select', 'Married', 'Single']</msg>
<status status="PASS" starttime="20210820 02:43:26.733" endtime="20210820 02:43:26.815"/>
</kw>
<kw name="Evaluate" library="BuiltIn">
<var>${option_exclude_select}</var>
<arg>[val for val in ${all_options} if not val.startswith('Select')]</arg>
<doc>Evaluates the given expression in Python and returns the result.</doc>
<msg timestamp="20210820 02:43:26.816" level="INFO">${option_exclude_select} = ['Married', 'Single']</msg>
<status status="PASS" starttime="20210820 02:43:26.815" endtime="20210820 02:43:26.816"/>
</kw>
<kw name="Evaluate" library="BuiltIn">
<var>${random_option}</var>
<arg>random.choice(${option_exclude_select})</arg>
<doc>Evaluates the given expression in Python and returns the result.</doc>
<msg timestamp="20210820 02:43:26.817" level="INFO">${random_option} = Married</msg>
<status status="PASS" starttime="20210820 02:43:26.816" endtime="20210820 02:43:26.817"/>
</kw>
<kw name="Log" library="BuiltIn">
<arg>${random_option}</arg>
<doc>Logs the given message with the given level.</doc>
<msg timestamp="20210820 02:43:26.818" level="INFO">Married</msg>
<status status="PASS" starttime="20210820 02:43:26.817" endtime="20210820 02:43:26.818"/>
</kw>
<kw name="Select From List By Label" library="SeleniumLibrary">
<arg>${locator}</arg>
<arg>${random_option}</arg>
<doc>Selects options from selection list ``locator`` by ``labels``.</doc>
<msg timestamp="20210820 02:43:26.819" level="INFO">Selecting options from selection list '//form[@id='personalform']//select[@name='martialStatus']' by label Married.</msg>
<status status="PASS" starttime="20210820 02:43:26.818" endtime="20210820 02:43:26.909"/>
</kw>
<kw name="Append To File" library="OperatingSystem">
<arg>${file_path}</arg>
<arg>${field_name} : Selected Random option - ${random_option}\n</arg>
<doc>Appends the given content to the specified file.</doc>
<msg timestamp="20210820 02:43:26.911" level="INFO" html="true">Appended to file '&lt;a href="file://E:\automation\hrms-robot\results\exported_test_data\ems\EMS_Mehul_Loyal_20_Aug_21__02_43_05_AM.txt"&gt;E:\automation\hrms-robot\results\exported_test_data\ems\EMS_Mehul_Loyal_20_Aug_21__02_43_05_AM.txt&lt;/a&gt;'.</msg>
<status status="PASS" starttime="20210820 02:43:26.909" endtime="20210820 02:43:26.911"/>
</kw>
<status status="PASS" starttime="20210820 02:43:26.503" endtime="20210820 02:43:26.912"/>
</kw>
<kw name="Fill Data In Input Field" library="common_keywords">
<arg>${panField}</arg>
<arg>${pan_number}</arg>
<arg>PAN No</arg>
<doc>Fill Data In Input Field "${locator}" with value = ${value}</doc>
<kw name="Scroll If Elemenet Is Not Visible" library="common_keywords">
<arg>${locator}</arg>
<doc>Scroll element into view if not visible //form[@id='personalform']//input[contains(@name,'panNo')]</doc>
<kw name="Wait Until Element Is Visible" library="SeleniumLibrary">
<arg>${locator}</arg>
<doc>Waits until the element ``locator`` is visible.</doc>
<status status="PASS" starttime="20210820 02:43:26.922" endtime="20210820 02:43:26.947"/>
</kw>
<kw name="Get Element Count" library="SeleniumLibrary">
<var>${is_visible}</var>
<arg>${locator}</arg>
<doc>Returns the number of elements matching ``locator``.</doc>
<msg timestamp="20210820 02:43:26.956" level="INFO">${is_visible} = 1</msg>
<status status="PASS" starttime="20210820 02:43:26.948" endtime="20210820 02:43:26.956"/>
</kw>
<kw name="Run Keyword If" library="BuiltIn">
<arg>${is_visible}&lt;1</arg>
<arg>scroll element into view</arg>
<arg>${locator}</arg>
<doc>Runs the given keyword with the given arguments, if ``condition`` is true.</doc>
<status status="PASS" starttime="20210820 02:43:26.956" endtime="20210820 02:43:26.956"/>
</kw>
<status status="PASS" starttime="20210820 02:43:26.922" endtime="20210820 02:43:26.956"/>
</kw>
<kw name="Wait Until Element Is Visible" library="SeleniumLibrary">
<arg>${locator}</arg>
<doc>Waits until the element ``locator`` is visible.</doc>
<status status="PASS" starttime="20210820 02:43:26.956" endtime="20210820 02:43:26.974"/>
</kw>
<kw name="Wait Until Element Is Enabled" library="SeleniumLibrary">
<arg>${locator}</arg>
<doc>Waits until the element ``locator`` is enabled.</doc>
<status status="PASS" starttime="20210820 02:43:26.974" endtime="20210820 02:43:26.998"/>
</kw>
<kw name="Input Text" library="SeleniumLibrary">
<arg>${locator}</arg>
<arg>${value}</arg>
<doc>Types the given ``text`` into the text field identified by ``locator``.</doc>
<msg timestamp="20210820 02:43:26.999" level="INFO">Typing text 'MDGLL4426L' into text field '//form[@id='personalform']//input[contains(@name,'panNo')]'.</msg>
<status status="PASS" starttime="20210820 02:43:26.998" endtime="20210820 02:43:27.295"/>
</kw>
<kw name="Append To File" library="OperatingSystem">
<arg>${file_path}</arg>
<arg>${field_name} : ${value}\n</arg>
<doc>Appends the given content to the specified file.</doc>
<msg timestamp="20210820 02:43:27.297" level="INFO" html="true">Appended to file '&lt;a href="file://E:\automation\hrms-robot\results\exported_test_data\ems\EMS_Mehul_Loyal_20_Aug_21__02_43_05_AM.txt"&gt;E:\automation\hrms-robot\results\exported_test_data\ems\EMS_Mehul_Loyal_20_Aug_21__02_43_05_AM.txt&lt;/a&gt;'.</msg>
<status status="PASS" starttime="20210820 02:43:27.296" endtime="20210820 02:43:27.297"/>
</kw>
<status status="PASS" starttime="20210820 02:43:26.921" endtime="20210820 02:43:27.297"/>
</kw>
<kw name="Fill Data In Input Field" library="common_keywords">
<arg>${aadharField}</arg>
<arg>${aadhar_no}</arg>
<arg>Aadhar No</arg>
<doc>Fill Data In Input Field "${locator}" with value = ${value}</doc>
<kw name="Scroll If Elemenet Is Not Visible" library="common_keywords">
<arg>${locator}</arg>
<doc>Scroll element into view if not visible //form[@id='personalform']//input[contains(@name,'aadharNo')]</doc>
<kw name="Wait Until Element Is Visible" library="SeleniumLibrary">
<arg>${locator}</arg>
<doc>Waits until the element ``locator`` is visible.</doc>
<status status="PASS" starttime="20210820 02:43:27.318" endtime="20210820 02:43:27.349"/>
</kw>
<kw name="Get Element Count" library="SeleniumLibrary">
<var>${is_visible}</var>
<arg>${locator}</arg>
<doc>Returns the number of elements matching ``locator``.</doc>
<msg timestamp="20210820 02:43:27.357" level="INFO">${is_visible} = 1</msg>
<status status="PASS" starttime="20210820 02:43:27.350" endtime="20210820 02:43:27.357"/>
</kw>
<kw name="Run Keyword If" library="BuiltIn">
<arg>${is_visible}&lt;1</arg>
<arg>scroll element into view</arg>
<arg>${locator}</arg>
<doc>Runs the given keyword with the given arguments, if ``condition`` is true.</doc>
<status status="PASS" starttime="20210820 02:43:27.357" endtime="20210820 02:43:27.358"/>
</kw>
<status status="PASS" starttime="20210820 02:43:27.317" endtime="20210820 02:43:27.358"/>
</kw>
<kw name="Wait Until Element Is Visible" library="SeleniumLibrary">
<arg>${locator}</arg>
<doc>Waits until the element ``locator`` is visible.</doc>
<status status="PASS" starttime="20210820 02:43:27.358" endtime="20210820 02:43:27.376"/>
</kw>
<kw name="Wait Until Element Is Enabled" library="SeleniumLibrary">
<arg>${locator}</arg>
<doc>Waits until the element ``locator`` is enabled.</doc>
<status status="PASS" starttime="20210820 02:43:27.377" endtime="20210820 02:43:27.394"/>
</kw>
<kw name="Input Text" library="SeleniumLibrary">
<arg>${locator}</arg>
<arg>${value}</arg>
<doc>Types the given ``text`` into the text field identified by ``locator``.</doc>
<msg timestamp="20210820 02:43:27.394" level="INFO">Typing text '942037943056' into text field '//form[@id='personalform']//input[contains(@name,'aadharNo')]'.</msg>
<status status="PASS" starttime="20210820 02:43:27.394" endtime="20210820 02:43:27.624"/>
</kw>
<kw name="Append To File" library="OperatingSystem">
<arg>${file_path}</arg>
<arg>${field_name} : ${value}\n</arg>
<doc>Appends the given content to the specified file.</doc>
<msg timestamp="20210820 02:43:27.625" level="INFO" html="true">Appended to file '&lt;a href="file://E:\automation\hrms-robot\results\exported_test_data\ems\EMS_Mehul_Loyal_20_Aug_21__02_43_05_AM.txt"&gt;E:\automation\hrms-robot\results\exported_test_data\ems\EMS_Mehul_Loyal_20_Aug_21__02_43_05_AM.txt&lt;/a&gt;'.</msg>
<status status="PASS" starttime="20210820 02:43:27.624" endtime="20210820 02:43:27.625"/>
</kw>
<status status="PASS" starttime="20210820 02:43:27.316" endtime="20210820 02:43:27.625"/>
</kw>
<kw name="Select Random Option From Dropdown" library="common_keywords">
<arg>${genderDropdownField}</arg>
<arg>Gender</arg>
<doc>Selecting a random option from the dropdown</doc>
<kw name="Scroll If Elemenet Is Not Visible" library="common_keywords">
<arg>${locator}</arg>
<doc>Scroll element into view if not visible //form[@id='personalform']//select[@name='gender']</doc>
<kw name="Wait Until Element Is Visible" library="SeleniumLibrary">
<arg>${locator}</arg>
<doc>Waits until the element ``locator`` is visible.</doc>
<status status="PASS" starttime="20210820 02:43:27.628" endtime="20210820 02:43:27.651"/>
</kw>
<kw name="Get Element Count" library="SeleniumLibrary">
<var>${is_visible}</var>
<arg>${locator}</arg>
<doc>Returns the number of elements matching ``locator``.</doc>
<msg timestamp="20210820 02:43:27.660" level="INFO">${is_visible} = 1</msg>
<status status="PASS" starttime="20210820 02:43:27.651" endtime="20210820 02:43:27.660"/>
</kw>
<kw name="Run Keyword If" library="BuiltIn">
<arg>${is_visible}&lt;1</arg>
<arg>scroll element into view</arg>
<arg>${locator}</arg>
<doc>Runs the given keyword with the given arguments, if ``condition`` is true.</doc>
<status status="PASS" starttime="20210820 02:43:27.660" endtime="20210820 02:43:27.660"/>
</kw>
<status status="PASS" starttime="20210820 02:43:27.626" endtime="20210820 02:43:27.660"/>
</kw>
<kw name="Wait Until Element Is Enabled" library="SeleniumLibrary">
<arg>${locator}</arg>
<doc>Waits until the element ``locator`` is enabled.</doc>
<status status="PASS" starttime="20210820 02:43:27.660" endtime="20210820 02:43:27.677"/>
</kw>
<kw name="Click Element" library="SeleniumLibrary">
<arg>${locator}</arg>
<doc>Click the element identified by ``locator``.</doc>
<msg timestamp="20210820 02:43:27.677" level="INFO">Clicking element '//form[@id='personalform']//select[@name='gender']'.</msg>
<status status="PASS" starttime="20210820 02:43:27.677" endtime="20210820 02:43:27.780"/>
</kw>
<kw name="Wait Until Element Is Visible" library="SeleniumLibrary">
<arg>${locator}//option[2]</arg>
<doc>Waits until the element ``locator`` is visible.</doc>
<status status="PASS" starttime="20210820 02:43:27.780" endtime="20210820 02:43:27.812"/>
</kw>
<kw name="Get List Items" library="SeleniumLibrary">
<var>${all_options}</var>
<arg>${locator}</arg>
<doc>Returns all labels or values of selection list ``locator``.</doc>
<msg timestamp="20210820 02:43:27.906" level="INFO">${all_options} = ['Select', 'FEMALE', 'MALE', 'TRANS']</msg>
<status status="PASS" starttime="20210820 02:43:27.813" endtime="20210820 02:43:27.906"/>
</kw>
<kw name="Evaluate" library="BuiltIn">
<var>${option_exclude_select}</var>
<arg>[val for val in ${all_options} if not val.startswith('Select')]</arg>
<doc>Evaluates the given expression in Python and returns the result.</doc>
<msg timestamp="20210820 02:43:27.907" level="INFO">${option_exclude_select} = ['FEMALE', 'MALE', 'TRANS']</msg>
<status status="PASS" starttime="20210820 02:43:27.906" endtime="20210820 02:43:27.907"/>
</kw>
<kw name="Evaluate" library="BuiltIn">
<var>${random_option}</var>
<arg>random.choice(${option_exclude_select})</arg>
<doc>Evaluates the given expression in Python and returns the result.</doc>
<msg timestamp="20210820 02:43:27.907" level="INFO">${random_option} = FEMALE</msg>
<status status="PASS" starttime="20210820 02:43:27.907" endtime="20210820 02:43:27.907"/>
</kw>
<kw name="Log" library="BuiltIn">
<arg>${random_option}</arg>
<doc>Logs the given message with the given level.</doc>
<msg timestamp="20210820 02:43:27.907" level="INFO">FEMALE</msg>
<status status="PASS" starttime="20210820 02:43:27.907" endtime="20210820 02:43:27.908"/>
</kw>
<kw name="Select From List By Label" library="SeleniumLibrary">
<arg>${locator}</arg>
<arg>${random_option}</arg>
<doc>Selects options from selection list ``locator`` by ``labels``.</doc>
<msg timestamp="20210820 02:43:27.908" level="INFO">Selecting options from selection list '//form[@id='personalform']//select[@name='gender']' by label FEMALE.</msg>
<status status="PASS" starttime="20210820 02:43:27.908" endtime="20210820 02:43:28.004"/>
</kw>
<kw name="Append To File" library="OperatingSystem">
<arg>${file_path}</arg>
<arg>${field_name} : Selected Random option - ${random_option}\n</arg>
<doc>Appends the given content to the specified file.</doc>
<msg timestamp="20210820 02:43:28.005" level="INFO" html="true">Appended to file '&lt;a href="file://E:\automation\hrms-robot\results\exported_test_data\ems\EMS_Mehul_Loyal_20_Aug_21__02_43_05_AM.txt"&gt;E:\automation\hrms-robot\results\exported_test_data\ems\EMS_Mehul_Loyal_20_Aug_21__02_43_05_AM.txt&lt;/a&gt;'.</msg>
<status status="PASS" starttime="20210820 02:43:28.004" endtime="20210820 02:43:28.005"/>
</kw>
<status status="PASS" starttime="20210820 02:43:27.625" endtime="20210820 02:43:28.005"/>
</kw>
<kw name="Select Random Option From Dropdown" library="common_keywords">
<arg>${categoryDropdownField}</arg>
<arg>Category</arg>
<doc>Selecting a random option from the dropdown</doc>
<kw name="Scroll If Elemenet Is Not Visible" library="common_keywords">
<arg>${locator}</arg>
<doc>Scroll element into view if not visible //form[@id='personalform']//select[@name='category']</doc>
<kw name="Wait Until Element Is Visible" library="SeleniumLibrary">
<arg>${locator}</arg>
<doc>Waits until the element ``locator`` is visible.</doc>
<status status="PASS" starttime="20210820 02:43:28.007" endtime="20210820 02:43:28.032"/>
</kw>
<kw name="Get Element Count" library="SeleniumLibrary">
<var>${is_visible}</var>
<arg>${locator}</arg>
<doc>Returns the number of elements matching ``locator``.</doc>
<msg timestamp="20210820 02:43:28.042" level="INFO">${is_visible} = 1</msg>
<status status="PASS" starttime="20210820 02:43:28.033" endtime="20210820 02:43:28.042"/>
</kw>
<kw name="Run Keyword If" library="BuiltIn">
<arg>${is_visible}&lt;1</arg>
<arg>scroll element into view</arg>
<arg>${locator}</arg>
<doc>Runs the given keyword with the given arguments, if ``condition`` is true.</doc>
<status status="PASS" starttime="20210820 02:43:28.042" endtime="20210820 02:43:28.043"/>
</kw>
<status status="PASS" starttime="20210820 02:43:28.006" endtime="20210820 02:43:28.043"/>
</kw>
<kw name="Wait Until Element Is Enabled" library="SeleniumLibrary">
<arg>${locator}</arg>
<doc>Waits until the element ``locator`` is enabled.</doc>
<status status="PASS" starttime="20210820 02:43:28.043" endtime="20210820 02:43:28.066"/>
</kw>
<kw name="Click Element" library="SeleniumLibrary">
<arg>${locator}</arg>
<doc>Click the element identified by ``locator``.</doc>
<msg timestamp="20210820 02:43:28.067" level="INFO">Clicking element '//form[@id='personalform']//select[@name='category']'.</msg>
<status status="PASS" starttime="20210820 02:43:28.067" endtime="20210820 02:43:28.202"/>
</kw>
<kw name="Wait Until Element Is Visible" library="SeleniumLibrary">
<arg>${locator}//option[2]</arg>
<doc>Waits until the element ``locator`` is visible.</doc>
<status status="PASS" starttime="20210820 02:43:28.203" endtime="20210820 02:43:28.235"/>
</kw>
<kw name="Get List Items" library="SeleniumLibrary">
<var>${all_options}</var>
<arg>${locator}</arg>
<doc>Returns all labels or values of selection list ``locator``.</doc>
<msg timestamp="20210820 02:43:28.352" level="INFO">${all_options} = ['Select', 'GEN', 'OBC', 'SC/ST', 'OTHER_CAST']</msg>
<status status="PASS" starttime="20210820 02:43:28.235" endtime="20210820 02:43:28.352"/>
</kw>
<kw name="Evaluate" library="BuiltIn">
<var>${option_exclude_select}</var>
<arg>[val for val in ${all_options} if not val.startswith('Select')]</arg>
<doc>Evaluates the given expression in Python and returns the result.</doc>
<msg timestamp="20210820 02:43:28.352" level="INFO">${option_exclude_select} = ['GEN', 'OBC', 'SC/ST', 'OTHER_CAST']</msg>
<status status="PASS" starttime="20210820 02:43:28.352" endtime="20210820 02:43:28.352"/>
</kw>
<kw name="Evaluate" library="BuiltIn">
<var>${random_option}</var>
<arg>random.choice(${option_exclude_select})</arg>
<doc>Evaluates the given expression in Python and returns the result.</doc>
<msg timestamp="20210820 02:43:28.353" level="INFO">${random_option} = GEN</msg>
<status status="PASS" starttime="20210820 02:43:28.352" endtime="20210820 02:43:28.353"/>
</kw>
<kw name="Log" library="BuiltIn">
<arg>${random_option}</arg>
<doc>Logs the given message with the given level.</doc>
<msg timestamp="20210820 02:43:28.353" level="INFO">GEN</msg>
<status status="PASS" starttime="20210820 02:43:28.353" endtime="20210820 02:43:28.353"/>
</kw>
<kw name="Select From List By Label" library="SeleniumLibrary">
<arg>${locator}</arg>
<arg>${random_option}</arg>
<doc>Selects options from selection list ``locator`` by ``labels``.</doc>
<msg timestamp="20210820 02:43:28.354" level="INFO">Selecting options from selection list '//form[@id='personalform']//select[@name='category']' by label GEN.</msg>
<status status="PASS" starttime="20210820 02:43:28.353" endtime="20210820 02:43:28.447"/>
</kw>
<kw name="Append To File" library="OperatingSystem">
<arg>${file_path}</arg>
<arg>${field_name} : Selected Random option - ${random_option}\n</arg>
<doc>Appends the given content to the specified file.</doc>
<msg timestamp="20210820 02:43:28.448" level="INFO" html="true">Appended to file '&lt;a href="file://E:\automation\hrms-robot\results\exported_test_data\ems\EMS_Mehul_Loyal_20_Aug_21__02_43_05_AM.txt"&gt;E:\automation\hrms-robot\results\exported_test_data\ems\EMS_Mehul_Loyal_20_Aug_21__02_43_05_AM.txt&lt;/a&gt;'.</msg>
<status status="PASS" starttime="20210820 02:43:28.447" endtime="20210820 02:43:28.448"/>
</kw>
<status status="PASS" starttime="20210820 02:43:28.006" endtime="20210820 02:43:28.448"/>
</kw>
<kw name="Fill Data In Input Field" library="common_keywords">
<arg>${DateOfBirthField}</arg>
<arg>${dob}</arg>
<arg>Date Of Birth</arg>
<doc>Fill Data In Input Field "${locator}" with value = ${value}</doc>
<kw name="Scroll If Elemenet Is Not Visible" library="common_keywords">
<arg>${locator}</arg>
<doc>Scroll element into view if not visible //form[@id='personalform']//input[contains(@name,'dob')]</doc>
<kw name="Wait Until Element Is Visible" library="SeleniumLibrary">
<arg>${locator}</arg>
<doc>Waits until the element ``locator`` is visible.</doc>
<status status="PASS" starttime="20210820 02:43:28.457" endtime="20210820 02:43:28.484"/>
</kw>
<kw name="Get Element Count" library="SeleniumLibrary">
<var>${is_visible}</var>
<arg>${locator}</arg>
<doc>Returns the number of elements matching ``locator``.</doc>
<msg timestamp="20210820 02:43:28.492" level="INFO">${is_visible} = 1</msg>
<status status="PASS" starttime="20210820 02:43:28.484" endtime="20210820 02:43:28.492"/>
</kw>
<kw name="Run Keyword If" library="BuiltIn">
<arg>${is_visible}&lt;1</arg>
<arg>scroll element into view</arg>
<arg>${locator}</arg>
<doc>Runs the given keyword with the given arguments, if ``condition`` is true.</doc>
<status status="PASS" starttime="20210820 02:43:28.493" endtime="20210820 02:43:28.493"/>
</kw>
<status status="PASS" starttime="20210820 02:43:28.456" endtime="20210820 02:43:28.493"/>
</kw>
<kw name="Wait Until Element Is Visible" library="SeleniumLibrary">
<arg>${locator}</arg>
<doc>Waits until the element ``locator`` is visible.</doc>
<status status="PASS" starttime="20210820 02:43:28.493" endtime="20210820 02:43:28.511"/>
</kw>
<kw name="Wait Until Element Is Enabled" library="SeleniumLibrary">
<arg>${locator}</arg>
<doc>Waits until the element ``locator`` is enabled.</doc>
<status status="PASS" starttime="20210820 02:43:28.511" endtime="20210820 02:43:28.534"/>
</kw>
<kw name="Input Text" library="SeleniumLibrary">
<arg>${locator}</arg>
<arg>${value}</arg>
<doc>Types the given ``text`` into the text field identified by ``locator``.</doc>
<msg timestamp="20210820 02:43:28.535" level="INFO">Typing text '31/07/1971' into text field '//form[@id='personalform']//input[contains(@name,'dob')]'.</msg>
<status status="PASS" starttime="20210820 02:43:28.534" endtime="20210820 02:43:28.744"/>
</kw>
<kw name="Append To File" library="OperatingSystem">
<arg>${file_path}</arg>
<arg>${field_name} : ${value}\n</arg>
<doc>Appends the given content to the specified file.</doc>
<msg timestamp="20210820 02:43:28.745" level="INFO" html="true">Appended to file '&lt;a href="file://E:\automation\hrms-robot\results\exported_test_data\ems\EMS_Mehul_Loyal_20_Aug_21__02_43_05_AM.txt"&gt;E:\automation\hrms-robot\results\exported_test_data\ems\EMS_Mehul_Loyal_20_Aug_21__02_43_05_AM.txt&lt;/a&gt;'.</msg>
<status status="PASS" starttime="20210820 02:43:28.745" endtime="20210820 02:43:28.746"/>
</kw>
<status status="PASS" starttime="20210820 02:43:28.455" endtime="20210820 02:43:28.746"/>
</kw>
<kw name="Click Action Button" library="common_keywords">
<arg>${personalInfoSaveBtn}</arg>
<doc>Click Button</doc>
<kw name="Scroll If Elemenet Is Not Visible" library="common_keywords">
<arg>${locator}</arg>
<doc>Scroll element into view if not visible //form[@id='personalform']//button[normalize-space()='Save']</doc>
<kw name="Wait Until Element Is Visible" library="SeleniumLibrary">
<arg>${locator}</arg>
<doc>Waits until the element ``locator`` is visible.</doc>
<status status="PASS" starttime="20210820 02:43:28.748" endtime="20210820 02:43:28.776"/>
</kw>
<kw name="Get Element Count" library="SeleniumLibrary">
<var>${is_visible}</var>
<arg>${locator}</arg>
<doc>Returns the number of elements matching ``locator``.</doc>
<msg timestamp="20210820 02:43:28.787" level="INFO">${is_visible} = 1</msg>
<status status="PASS" starttime="20210820 02:43:28.776" endtime="20210820 02:43:28.787"/>
</kw>
<kw name="Run Keyword If" library="BuiltIn">
<arg>${is_visible}&lt;1</arg>
<arg>scroll element into view</arg>
<arg>${locator}</arg>
<doc>Runs the given keyword with the given arguments, if ``condition`` is true.</doc>
<status status="PASS" starttime="20210820 02:43:28.787" endtime="20210820 02:43:28.787"/>
</kw>
<status status="PASS" starttime="20210820 02:43:28.747" endtime="20210820 02:43:28.788"/>
</kw>
<kw name="Wait Until Element Is Enabled" library="SeleniumLibrary">
<arg>${locator}</arg>
<doc>Waits until the element ``locator`` is enabled.</doc>
<status status="PASS" starttime="20210820 02:43:28.788" endtime="20210820 02:43:28.816"/>
</kw>
<kw name="Click Element" library="SeleniumLibrary">
<arg>${locator}</arg>
<doc>Click the element identified by ``locator``.</doc>
<msg timestamp="20210820 02:43:28.817" level="INFO">Clicking element '//form[@id='personalform']//button[normalize-space()='Save']'.</msg>
<status status="PASS" starttime="20210820 02:43:28.817" endtime="20210820 02:43:28.970"/>
</kw>
<status status="PASS" starttime="20210820 02:43:28.746" endtime="20210820 02:43:28.970"/>
</kw>
<kw name="Verify Toaster Message" library="common_keywords">
<doc>Capturing Toaster Message</doc>
<kw name="Wait Until Element Is Visible" library="SeleniumLibrary">
<arg>css:.toast-message</arg>
<doc>Waits until the element ``locator`` is visible.</doc>
<status status="PASS" starttime="20210820 02:43:28.971" endtime="20210820 02:43:29.950"/>
</kw>
<kw name="Get Text" library="SeleniumLibrary">
<var>${toaster_msg}</var>
<arg>css:.toast-message</arg>
<doc>Returns the text value of the element identified by ``locator``.</doc>
<msg timestamp="20210820 02:43:29.971" level="INFO">${toaster_msg} = Personal information has been saved successfully.</msg>
<status status="PASS" starttime="20210820 02:43:29.950" endtime="20210820 02:43:29.971"/>
</kw>
<kw name="Log" library="BuiltIn">
<arg>${toaster_msg}</arg>
<doc>Logs the given message with the given level.</doc>
<msg timestamp="20210820 02:43:29.972" level="INFO">Personal information has been saved successfully.</msg>
<status status="PASS" starttime="20210820 02:43:29.972" endtime="20210820 02:43:29.972"/>
</kw>
<kw name="Capture Page Screenshot" library="SeleniumLibrary">
<doc>Takes a screenshot of the current page and embeds it into a log file.</doc>
<msg timestamp="20210820 02:43:30.198" level="INFO" html="true">&lt;/td&gt;&lt;/tr&gt;&lt;tr&gt;&lt;td colspan="3"&gt;&lt;a href="selenium-screenshot-8.png"&gt;&lt;img src="selenium-screenshot-8.png" width="800px"&gt;&lt;/a&gt;</msg>
<status status="PASS" starttime="20210820 02:43:29.972" endtime="20210820 02:43:30.198"/>
</kw>
<kw name="Wait Until Element Is Not Visible" library="SeleniumLibrary">
<arg>css:.toast-message</arg>
<doc>Waits until the element ``locator`` is not visible.</doc>
<status status="PASS" starttime="20210820 02:43:30.198" endtime="20210820 02:43:36.136"/>
</kw>
<kw name="Append To File" library="OperatingSystem">
<arg>${file_path}</arg>
<arg>\nToaster Message - ${toaster_msg}</arg>
<doc>Appends the given content to the specified file.</doc>
<msg timestamp="20210820 02:43:36.137" level="INFO" html="true">Appended to file '&lt;a href="file://E:\automation\hrms-robot\results\exported_test_data\ems\EMS_Mehul_Loyal_20_Aug_21__02_43_05_AM.txt"&gt;E:\automation\hrms-robot\results\exported_test_data\ems\EMS_Mehul_Loyal_20_Aug_21__02_43_05_AM.txt&lt;/a&gt;'.</msg>
<status status="PASS" starttime="20210820 02:43:36.136" endtime="20210820 02:43:36.138"/>
</kw>
<status status="PASS" starttime="20210820 02:43:28.970" endtime="20210820 02:43:36.138"/>
</kw>
<status status="PASS" starttime="20210820 02:43:24.704" endtime="20210820 02:43:36.138"/>
</kw>
<kw name="Fill Address Details" library="employee_registration_smoke_keywords">
<doc>Filling Address Details</doc>
<kw name="Append To File" library="OperatingSystem">
<arg>${file_path}</arg>
<arg>${\n}*********************** ADDRESS DETAILS ***********************${\n}</arg>
<doc>Appends the given content to the specified file.</doc>
<msg timestamp="20210820 02:43:36.139" level="INFO" html="true">Appended to file '&lt;a href="file://E:\automation\hrms-robot\results\exported_test_data\ems\EMS_Mehul_Loyal_20_Aug_21__02_43_05_AM.txt"&gt;E:\automation\hrms-robot\results\exported_test_data\ems\EMS_Mehul_Loyal_20_Aug_21__02_43_05_AM.txt&lt;/a&gt;'.</msg>
<status status="PASS" starttime="20210820 02:43:36.138" endtime="20210820 02:43:36.140"/>
</kw>
<kw name="Wait Until Element Is Visible" library="SeleniumLibrary">
<arg>${addressInfoTab}</arg>
<doc>Waits until the element ``locator`` is visible.</doc>
<status status="PASS" starttime="20210820 02:43:36.140" endtime="20210820 02:43:36.180"/>
</kw>
<kw name="Click Element" library="SeleniumLibrary">
<arg>${addressInfoTab}</arg>
<doc>Click the element identified by ``locator``.</doc>
<msg timestamp="20210820 02:43:36.181" level="INFO">Clicking element '//a[@id='addressInfoTab']'.</msg>
<status status="PASS" starttime="20210820 02:43:36.180" endtime="20210820 02:43:36.325"/>
</kw>
<kw name="Fill Data In Input Field" library="common_keywords">
<arg>${address1field}</arg>
<arg>${address_one}</arg>
<arg>Address Line 1</arg>
<doc>Fill Data In Input Field "${locator}" with value = ${value}</doc>
<kw name="Scroll If Elemenet Is Not Visible" library="common_keywords">
<arg>${locator}</arg>
<doc>Scroll element into view if not visible //form[@id='addressform']//textarea[@name='primaryAddress']</doc>
<kw name="Wait Until Element Is Visible" library="SeleniumLibrary">
<arg>${locator}</arg>
<doc>Waits until the element ``locator`` is visible.</doc>
<status status="PASS" starttime="20210820 02:43:36.338" endtime="20210820 02:43:36.369"/>
</kw>
<kw name="Get Element Count" library="SeleniumLibrary">
<var>${is_visible}</var>
<arg>${locator}</arg>
<doc>Returns the number of elements matching ``locator``.</doc>
<msg timestamp="20210820 02:43:36.378" level="INFO">${is_visible} = 1</msg>
<status status="PASS" starttime="20210820 02:43:36.369" endtime="20210820 02:43:36.378"/>
</kw>
<kw name="Run Keyword If" library="BuiltIn">
<arg>${is_visible}&lt;1</arg>
<arg>scroll element into view</arg>
<arg>${locator}</arg>
<doc>Runs the given keyword with the given arguments, if ``condition`` is true.</doc>
<status status="PASS" starttime="20210820 02:43:36.378" endtime="20210820 02:43:36.379"/>
</kw>
<status status="PASS" starttime="20210820 02:43:36.338" endtime="20210820 02:43:36.379"/>
</kw>
<kw name="Wait Until Element Is Visible" library="SeleniumLibrary">
<arg>${locator}</arg>
<doc>Waits until the element ``locator`` is visible.</doc>
<status status="PASS" starttime="20210820 02:43:36.379" endtime="20210820 02:43:36.399"/>
</kw>
<kw name="Wait Until Element Is Enabled" library="SeleniumLibrary">
<arg>${locator}</arg>
<doc>Waits until the element ``locator`` is enabled.</doc>
<status status="PASS" starttime="20210820 02:43:36.399" endtime="20210820 02:43:36.422"/>
</kw>
<kw name="Input Text" library="SeleniumLibrary">
<arg>${locator}</arg>
<arg>${value}</arg>
<doc>Types the given ``text`` into the text field identified by ``locator``.</doc>
<msg timestamp="20210820 02:43:36.423" level="INFO">Typing text '938
Sathe Ganj
Ongole-485787' into text field '//form[@id='addressform']//textarea[@name='primaryAddress']'.</msg>
<status status="PASS" starttime="20210820 02:43:36.422" endtime="20210820 02:43:36.767"/>
</kw>
<kw name="Append To File" library="OperatingSystem">
<arg>${file_path}</arg>
<arg>${field_name} : ${value}\n</arg>
<doc>Appends the given content to the specified file.</doc>
<msg timestamp="20210820 02:43:36.768" level="INFO" html="true">Appended to file '&lt;a href="file://E:\automation\hrms-robot\results\exported_test_data\ems\EMS_Mehul_Loyal_20_Aug_21__02_43_05_AM.txt"&gt;E:\automation\hrms-robot\results\exported_test_data\ems\EMS_Mehul_Loyal_20_Aug_21__02_43_05_AM.txt&lt;/a&gt;'.</msg>
<status status="PASS" starttime="20210820 02:43:36.767" endtime="20210820 02:43:36.768"/>
</kw>
<status status="PASS" starttime="20210820 02:43:36.337" endtime="20210820 02:43:36.768"/>
</kw>
<kw name="Fill Data In Input Field" library="common_keywords">
<arg>${address2field}</arg>
<arg>${address_two}</arg>
<arg>Address Line 2</arg>
<doc>Fill Data In Input Field "${locator}" with value = ${value}</doc>
<kw name="Scroll If Elemenet Is Not Visible" library="common_keywords">
<arg>${locator}</arg>
<doc>Scroll element into view if not visible //form[@id='addressform']//textarea[@name='secondaryAddress']</doc>
<kw name="Wait Until Element Is Visible" library="SeleniumLibrary">
<arg>${locator}</arg>
<doc>Waits until the element ``locator`` is visible.</doc>
<status status="PASS" starttime="20210820 02:43:36.782" endtime="20210820 02:43:36.806"/>
</kw>
<kw name="Get Element Count" library="SeleniumLibrary">
<var>${is_visible}</var>
<arg>${locator}</arg>
<doc>Returns the number of elements matching ``locator``.</doc>
<msg timestamp="20210820 02:43:36.817" level="INFO">${is_visible} = 1</msg>
<status status="PASS" starttime="20210820 02:43:36.806" endtime="20210820 02:43:36.817"/>
</kw>
<kw name="Run Keyword If" library="BuiltIn">
<arg>${is_visible}&lt;1</arg>
<arg>scroll element into view</arg>
<arg>${locator}</arg>
<doc>Runs the given keyword with the given arguments, if ``condition`` is true.</doc>
<status status="PASS" starttime="20210820 02:43:36.817" endtime="20210820 02:43:36.818"/>
</kw>
<status status="PASS" starttime="20210820 02:43:36.782" endtime="20210820 02:43:36.818"/>
</kw>
<kw name="Wait Until Element Is Visible" library="SeleniumLibrary">
<arg>${locator}</arg>
<doc>Waits until the element ``locator`` is visible.</doc>
<status status="PASS" starttime="20210820 02:43:36.818" endtime="20210820 02:43:36.836"/>
</kw>
<kw name="Wait Until Element Is Enabled" library="SeleniumLibrary">
<arg>${locator}</arg>
<doc>Waits until the element ``locator`` is enabled.</doc>
<status status="PASS" starttime="20210820 02:43:36.837" endtime="20210820 02:43:36.860"/>
</kw>
<kw name="Input Text" library="SeleniumLibrary">
<arg>${locator}</arg>
<arg>${value}</arg>
<doc>Types the given ``text`` into the text field identified by ``locator``.</doc>
<msg timestamp="20210820 02:43:36.861" level="INFO">Typing text 'H.No. 41, Chopra Chowk, Alappuzha 129414' into text field '//form[@id='addressform']//textarea[@name='secondaryAddress']'.</msg>
<status status="PASS" starttime="20210820 02:43:36.860" endtime="20210820 02:43:37.301"/>
</kw>
<kw name="Append To File" library="OperatingSystem">
<arg>${file_path}</arg>
<arg>${field_name} : ${value}\n</arg>
<doc>Appends the given content to the specified file.</doc>
<msg timestamp="20210820 02:43:37.302" level="INFO" html="true">Appended to file '&lt;a href="file://E:\automation\hrms-robot\results\exported_test_data\ems\EMS_Mehul_Loyal_20_Aug_21__02_43_05_AM.txt"&gt;E:\automation\hrms-robot\results\exported_test_data\ems\EMS_Mehul_Loyal_20_Aug_21__02_43_05_AM.txt&lt;/a&gt;'.</msg>
<status status="PASS" starttime="20210820 02:43:37.301" endtime="20210820 02:43:37.302"/>
</kw>
<status status="PASS" starttime="20210820 02:43:36.781" endtime="20210820 02:43:37.302"/>
</kw>
<kw name="Select Random Option From Dropdown" library="common_keywords">
<arg>${countryDropdownField}</arg>
<arg>Country</arg>
<doc>Selecting a random option from the dropdown</doc>
<kw name="Scroll If Elemenet Is Not Visible" library="common_keywords">
<arg>${locator}</arg>
<doc>Scroll element into view if not visible //form[@id='addressform']//select[@name='country']</doc>
<kw name="Wait Until Element Is Visible" library="SeleniumLibrary">
<arg>${locator}</arg>
<doc>Waits until the element ``locator`` is visible.</doc>
<status status="PASS" starttime="20210820 02:43:37.303" endtime="20210820 02:43:37.333"/>
</kw>
<kw name="Get Element Count" library="SeleniumLibrary">
<var>${is_visible}</var>
<arg>${locator}</arg>
<doc>Returns the number of elements matching ``locator``.</doc>
<msg timestamp="20210820 02:43:37.341" level="INFO">${is_visible} = 1</msg>
<status status="PASS" starttime="20210820 02:43:37.333" endtime="20210820 02:43:37.341"/>
</kw>
<kw name="Run Keyword If" library="BuiltIn">
<arg>${is_visible}&lt;1</arg>
<arg>scroll element into view</arg>
<arg>${locator}</arg>
<doc>Runs the given keyword with the given arguments, if ``condition`` is true.</doc>
<status status="PASS" starttime="20210820 02:43:37.342" endtime="20210820 02:43:37.342"/>
</kw>
<status status="PASS" starttime="20210820 02:43:37.303" endtime="20210820 02:43:37.342"/>
</kw>
<kw name="Wait Until Element Is Enabled" library="SeleniumLibrary">
<arg>${locator}</arg>
<doc>Waits until the element ``locator`` is enabled.</doc>
<status status="PASS" starttime="20210820 02:43:37.342" endtime="20210820 02:43:37.368"/>
</kw>
<kw name="Click Element" library="SeleniumLibrary">
<arg>${locator}</arg>
<doc>Click the element identified by ``locator``.</doc>
<msg timestamp="20210820 02:43:37.369" level="INFO">Clicking element '//form[@id='addressform']//select[@name='country']'.</msg>
<status status="PASS" starttime="20210820 02:43:37.368" endtime="20210820 02:43:37.468"/>
</kw>
<kw name="Wait Until Element Is Visible" library="SeleniumLibrary">
<arg>${locator}//option[2]</arg>
<doc>Waits until the element ``locator`` is visible.</doc>
<status status="PASS" starttime="20210820 02:43:37.468" endtime="20210820 02:43:37.502"/>
</kw>
<kw name="Get List Items" library="SeleniumLibrary">
<var>${all_options}</var>
<arg>${locator}</arg>
<doc>Returns all labels or values of selection list ``locator``.</doc>
<msg timestamp="20210820 02:43:37.572" level="INFO">${all_options} = ['Select', 'India']</msg>
<status status="PASS" starttime="20210820 02:43:37.502" endtime="20210820 02:43:37.572"/>
</kw>
<kw name="Evaluate" library="BuiltIn">
<var>${option_exclude_select}</var>
<arg>[val for val in ${all_options} if not val.startswith('Select')]</arg>
<doc>Evaluates the given expression in Python and returns the result.</doc>
<msg timestamp="20210820 02:43:37.573" level="INFO">${option_exclude_select} = ['India']</msg>
<status status="PASS" starttime="20210820 02:43:37.572" endtime="20210820 02:43:37.573"/>
</kw>
<kw name="Evaluate" library="BuiltIn">
<var>${random_option}</var>
<arg>random.choice(${option_exclude_select})</arg>
<doc>Evaluates the given expression in Python and returns the result.</doc>
<msg timestamp="20210820 02:43:37.573" level="INFO">${random_option} = India</msg>
<status status="PASS" starttime="20210820 02:43:37.573" endtime="20210820 02:43:37.573"/>
</kw>
<kw name="Log" library="BuiltIn">
<arg>${random_option}</arg>
<doc>Logs the given message with the given level.</doc>
<msg timestamp="20210820 02:43:37.574" level="INFO">India</msg>
<status status="PASS" starttime="20210820 02:43:37.573" endtime="20210820 02:43:37.574"/>
</kw>
<kw name="Select From List By Label" library="SeleniumLibrary">
<arg>${locator}</arg>
<arg>${random_option}</arg>
<doc>Selects options from selection list ``locator`` by ``labels``.</doc>
<msg timestamp="20210820 02:43:37.574" level="INFO">Selecting options from selection list '//form[@id='addressform']//select[@name='country']' by label India.</msg>
<status status="PASS" starttime="20210820 02:43:37.574" endtime="20210820 02:43:37.679"/>
</kw>
<kw name="Append To File" library="OperatingSystem">
<arg>${file_path}</arg>
<arg>${field_name} : Selected Random option - ${random_option}\n</arg>
<doc>Appends the given content to the specified file.</doc>
<msg timestamp="20210820 02:43:37.680" level="INFO" html="true">Appended to file '&lt;a href="file://E:\automation\hrms-robot\results\exported_test_data\ems\EMS_Mehul_Loyal_20_Aug_21__02_43_05_AM.txt"&gt;E:\automation\hrms-robot\results\exported_test_data\ems\EMS_Mehul_Loyal_20_Aug_21__02_43_05_AM.txt&lt;/a&gt;'.</msg>
<status status="PASS" starttime="20210820 02:43:37.679" endtime="20210820 02:43:37.680"/>
</kw>
<status status="PASS" starttime="20210820 02:43:37.302" endtime="20210820 02:43:37.680"/>
</kw>
<kw name="Select Random Option From Dropdown" library="common_keywords">
<arg>${stateDropdownField}</arg>
<arg>State</arg>
<doc>Selecting a random option from the dropdown</doc>
<kw name="Scroll If Elemenet Is Not Visible" library="common_keywords">
<arg>${locator}</arg>
<doc>Scroll element into view if not visible //form[@id='addressform']//select[@name='state']</doc>
<kw name="Wait Until Element Is Visible" library="SeleniumLibrary">
<arg>${locator}</arg>
<doc>Waits until the element ``locator`` is visible.</doc>
<status status="PASS" starttime="20210820 02:43:37.683" endtime="20210820 02:43:37.707"/>
</kw>
<kw name="Get Element Count" library="SeleniumLibrary">
<var>${is_visible}</var>
<arg>${locator}</arg>
<doc>Returns the number of elements matching ``locator``.</doc>
<msg timestamp="20210820 02:43:37.716" level="INFO">${is_visible} = 1</msg>
<status status="PASS" starttime="20210820 02:43:37.707" endtime="20210820 02:43:37.716"/>
</kw>
<kw name="Run Keyword If" library="BuiltIn">
<arg>${is_visible}&lt;1</arg>
<arg>scroll element into view</arg>
<arg>${locator}</arg>
<doc>Runs the given keyword with the given arguments, if ``condition`` is true.</doc>
<status status="PASS" starttime="20210820 02:43:37.716" endtime="20210820 02:43:37.716"/>
</kw>
<status status="PASS" starttime="20210820 02:43:37.682" endtime="20210820 02:43:37.717"/>
</kw>
<kw name="Wait Until Element Is Enabled" library="SeleniumLibrary">
<arg>${locator}</arg>
<doc>Waits until the element ``locator`` is enabled.</doc>
<status status="PASS" starttime="20210820 02:43:37.717" endtime="20210820 02:43:37.738"/>
</kw>
<kw name="Click Element" library="SeleniumLibrary">
<arg>${locator}</arg>
<doc>Click the element identified by ``locator``.</doc>
<msg timestamp="20210820 02:43:37.739" level="INFO">Clicking element '//form[@id='addressform']//select[@name='state']'.</msg>
<status status="PASS" starttime="20210820 02:43:37.738" endtime="20210820 02:43:37.856"/>
</kw>
<kw name="Wait Until Element Is Visible" library="SeleniumLibrary">
<arg>${locator}//option[2]</arg>
<doc>Waits until the element ``locator`` is visible.</doc>
<status status="PASS" starttime="20210820 02:43:37.857" endtime="20210820 02:43:38.770"/>
</kw>
<kw name="Get List Items" library="SeleniumLibrary">
<var>${all_options}</var>
<arg>${locator}</arg>
<doc>Returns all labels or values of selection list ``locator``.</doc>
<msg timestamp="20210820 02:43:39.351" level="INFO">${all_options} = ['Select', 'Andaman and Nicobar Islands', 'Andhra Pradesh', 'Arunachal Pradesh', 'Assam', 'Bihar', 'Chandigarh', 'Chhattisgarh', 'Dadra and Nagar Haveli', 'Daman and Diu', 'Delhi', 'Goa', 'Gujarat', '...</msg>
<status status="PASS" starttime="20210820 02:43:38.770" endtime="20210820 02:43:39.352"/>
</kw>
<kw name="Evaluate" library="BuiltIn">
<var>${option_exclude_select}</var>
<arg>[val for val in ${all_options} if not val.startswith('Select')]</arg>
<doc>Evaluates the given expression in Python and returns the result.</doc>
<msg timestamp="20210820 02:43:39.352" level="INFO">${option_exclude_select} = ['Andaman and Nicobar Islands', 'Andhra Pradesh', 'Arunachal Pradesh', 'Assam', 'Bihar', 'Chandigarh', 'Chhattisgarh', 'Dadra and Nagar Haveli', 'Daman and Diu', 'Delhi', 'Goa', 'Gujarat', 'Haryana', ...</msg>
<status status="PASS" starttime="20210820 02:43:39.352" endtime="20210820 02:43:39.352"/>
</kw>
<kw name="Evaluate" library="BuiltIn">
<var>${random_option}</var>
<arg>random.choice(${option_exclude_select})</arg>
<doc>Evaluates the given expression in Python and returns the result.</doc>
<msg timestamp="20210820 02:43:39.353" level="INFO">${random_option} = Goa</msg>
<status status="PASS" starttime="20210820 02:43:39.352" endtime="20210820 02:43:39.353"/>
</kw>
<kw name="Log" library="BuiltIn">
<arg>${random_option}</arg>
<doc>Logs the given message with the given level.</doc>
<msg timestamp="20210820 02:43:39.353" level="INFO">Goa</msg>
<status status="PASS" starttime="20210820 02:43:39.353" endtime="20210820 02:43:39.353"/>
</kw>
<kw name="Select From List By Label" library="SeleniumLibrary">
<arg>${locator}</arg>
<arg>${random_option}</arg>
<doc>Selects options from selection list ``locator`` by ``labels``.</doc>
<msg timestamp="20210820 02:43:39.354" level="INFO">Selecting options from selection list '//form[@id='addressform']//select[@name='state']' by label Goa.</msg>
<status status="PASS" starttime="20210820 02:43:39.353" endtime="20210820 02:43:39.457"/>
</kw>
<kw name="Append To File" library="OperatingSystem">
<arg>${file_path}</arg>
<arg>${field_name} : Selected Random option - ${random_option}\n</arg>
<doc>Appends the given content to the specified file.</doc>
<msg timestamp="20210820 02:43:39.459" level="INFO" html="true">Appended to file '&lt;a href="file://E:\automation\hrms-robot\results\exported_test_data\ems\EMS_Mehul_Loyal_20_Aug_21__02_43_05_AM.txt"&gt;E:\automation\hrms-robot\results\exported_test_data\ems\EMS_Mehul_Loyal_20_Aug_21__02_43_05_AM.txt&lt;/a&gt;'.</msg>
<status status="PASS" starttime="20210820 02:43:39.458" endtime="20210820 02:43:39.460"/>
</kw>
<status status="PASS" starttime="20210820 02:43:37.681" endtime="20210820 02:43:39.460"/>
</kw>
<kw name="Select Random Option From Dropdown" library="common_keywords">
<arg>${cityDropdownField}</arg>
<arg>City</arg>
<doc>Selecting a random option from the dropdown</doc>
<kw name="Scroll If Elemenet Is Not Visible" library="common_keywords">
<arg>${locator}</arg>
<doc>Scroll element into view if not visible //form[@id='addressform']//select[@name='city']</doc>
<kw name="Wait Until Element Is Visible" library="SeleniumLibrary">
<arg>${locator}</arg>
<doc>Waits until the element ``locator`` is visible.</doc>
<status status="PASS" starttime="20210820 02:43:39.462" endtime="20210820 02:43:39.489"/>
</kw>
<kw name="Get Element Count" library="SeleniumLibrary">
<var>${is_visible}</var>
<arg>${locator}</arg>
<doc>Returns the number of elements matching ``locator``.</doc>
<msg timestamp="20210820 02:43:39.498" level="INFO">${is_visible} = 1</msg>
<status status="PASS" starttime="20210820 02:43:39.489" endtime="20210820 02:43:39.498"/>
</kw>
<kw name="Run Keyword If" library="BuiltIn">
<arg>${is_visible}&lt;1</arg>
<arg>scroll element into view</arg>
<arg>${locator}</arg>
<doc>Runs the given keyword with the given arguments, if ``condition`` is true.</doc>
<status status="PASS" starttime="20210820 02:43:39.499" endtime="20210820 02:43:39.499"/>
</kw>
<status status="PASS" starttime="20210820 02:43:39.461" endtime="20210820 02:43:39.499"/>
</kw>
<kw name="Wait Until Element Is Enabled" library="SeleniumLibrary">
<arg>${locator}</arg>
<doc>Waits until the element ``locator`` is enabled.</doc>
<status status="PASS" starttime="20210820 02:43:39.499" endtime="20210820 02:43:39.528"/>
</kw>
<kw name="Click Element" library="SeleniumLibrary">
<arg>${locator}</arg>
<doc>Click the element identified by ``locator``.</doc>
<msg timestamp="20210820 02:43:39.529" level="INFO">Clicking element '//form[@id='addressform']//select[@name='city']'.</msg>
<status status="PASS" starttime="20210820 02:43:39.529" endtime="20210820 02:43:39.666"/>
</kw>
<kw name="Wait Until Element Is Visible" library="SeleniumLibrary">
<arg>${locator}//option[2]</arg>
<doc>Waits until the element ``locator`` is visible.</doc>
<status status="PASS" starttime="20210820 02:43:39.667" endtime="20210820 02:43:40.368"/>
</kw>
<kw name="Get List Items" library="SeleniumLibrary">
<var>${all_options}</var>
<arg>${locator}</arg>
<doc>Returns all labels or values of selection list ``locator``.</doc>
<msg timestamp="20210820 02:43:40.484" level="INFO">${all_options} = ['Select', 'North Goa', 'South Goa']</msg>
<status status="PASS" starttime="20210820 02:43:40.369" endtime="20210820 02:43:40.484"/>
</kw>
<kw name="Evaluate" library="BuiltIn">
<var>${option_exclude_select}</var>
<arg>[val for val in ${all_options} if not val.startswith('Select')]</arg>
<doc>Evaluates the given expression in Python and returns the result.</doc>
<msg timestamp="20210820 02:43:40.485" level="INFO">${option_exclude_select} = ['North Goa', 'South Goa']</msg>
<status status="PASS" starttime="20210820 02:43:40.484" endtime="20210820 02:43:40.485"/>
</kw>
<kw name="Evaluate" library="BuiltIn">
<var>${random_option}</var>
<arg>random.choice(${option_exclude_select})</arg>
<doc>Evaluates the given expression in Python and returns the result.</doc>
<msg timestamp="20210820 02:43:40.486" level="INFO">${random_option} = North Goa</msg>
<status status="PASS" starttime="20210820 02:43:40.486" endtime="20210820 02:43:40.486"/>
</kw>
<kw name="Log" library="BuiltIn">
<arg>${random_option}</arg>
<doc>Logs the given message with the given level.</doc>
<msg timestamp="20210820 02:43:40.487" level="INFO">North Goa</msg>
<status status="PASS" starttime="20210820 02:43:40.487" endtime="20210820 02:43:40.487"/>
</kw>
<kw name="Select From List By Label" library="SeleniumLibrary">
<arg>${locator}</arg>
<arg>${random_option}</arg>
<doc>Selects options from selection list ``locator`` by ``labels``.</doc>
<msg timestamp="20210820 02:43:40.488" level="INFO">Selecting options from selection list '//form[@id='addressform']//select[@name='city']' by label North Goa.</msg>
<status status="PASS" starttime="20210820 02:43:40.487" endtime="20210820 02:43:40.590"/>
</kw>
<kw name="Append To File" library="OperatingSystem">
<arg>${file_path}</arg>
<arg>${field_name} : Selected Random option - ${random_option}\n</arg>
<doc>Appends the given content to the specified file.</doc>
<msg timestamp="20210820 02:43:40.591" level="INFO" html="true">Appended to file '&lt;a href="file://E:\automation\hrms-robot\results\exported_test_data\ems\EMS_Mehul_Loyal_20_Aug_21__02_43_05_AM.txt"&gt;E:\automation\hrms-robot\results\exported_test_data\ems\EMS_Mehul_Loyal_20_Aug_21__02_43_05_AM.txt&lt;/a&gt;'.</msg>
<status status="PASS" starttime="20210820 02:43:40.590" endtime="20210820 02:43:40.591"/>
</kw>
<status status="PASS" starttime="20210820 02:43:39.461" endtime="20210820 02:43:40.592"/>
</kw>
<kw name="Fill Data In Input Field" library="common_keywords">
<arg>${postalCodeField}</arg>
<arg>${postal_code}</arg>
<arg>Postal Code</arg>
<doc>Fill Data In Input Field "${locator}" with value = ${value}</doc>
<kw name="Scroll If Elemenet Is Not Visible" library="common_keywords">
<arg>${locator}</arg>
<doc>Scroll element into view if not visible //form[@id='addressform']//input[@name='pinCode']</doc>
<kw name="Wait Until Element Is Visible" library="SeleniumLibrary">
<arg>${locator}</arg>
<doc>Waits until the element ``locator`` is visible.</doc>
<status status="PASS" starttime="20210820 02:43:40.603" endtime="20210820 02:43:40.631"/>
</kw>
<kw name="Get Element Count" library="SeleniumLibrary">
<var>${is_visible}</var>
<arg>${locator}</arg>
<doc>Returns the number of elements matching ``locator``.</doc>
<msg timestamp="20210820 02:43:40.639" level="INFO">${is_visible} = 1</msg>
<status status="PASS" starttime="20210820 02:43:40.631" endtime="20210820 02:43:40.639"/>
</kw>
<kw name="Run Keyword If" library="BuiltIn">
<arg>${is_visible}&lt;1</arg>
<arg>scroll element into view</arg>
<arg>${locator}</arg>
<doc>Runs the given keyword with the given arguments, if ``condition`` is true.</doc>
<status status="PASS" starttime="20210820 02:43:40.639" endtime="20210820 02:43:40.640"/>
</kw>
<status status="PASS" starttime="20210820 02:43:40.603" endtime="20210820 02:43:40.640"/>
</kw>
<kw name="Wait Until Element Is Visible" library="SeleniumLibrary">
<arg>${locator}</arg>
<doc>Waits until the element ``locator`` is visible.</doc>
<status status="PASS" starttime="20210820 02:43:40.640" endtime="20210820 02:43:40.660"/>
</kw>
<kw name="Wait Until Element Is Enabled" library="SeleniumLibrary">
<arg>${locator}</arg>
<doc>Waits until the element ``locator`` is enabled.</doc>
<status status="PASS" starttime="20210820 02:43:40.660" endtime="20210820 02:43:40.677"/>
</kw>
<kw name="Input Text" library="SeleniumLibrary">
<arg>${locator}</arg>
<arg>${value}</arg>
<doc>Types the given ``text`` into the text field identified by ``locator``.</doc>
<msg timestamp="20210820 02:43:40.677" level="INFO">Typing text '986633' into text field '//form[@id='addressform']//input[@name='pinCode']'.</msg>
<status status="PASS" starttime="20210820 02:43:40.677" endtime="20210820 02:43:40.871"/>
</kw>
<kw name="Append To File" library="OperatingSystem">
<arg>${file_path}</arg>
<arg>${field_name} : ${value}\n</arg>
<doc>Appends the given content to the specified file.</doc>
<msg timestamp="20210820 02:43:40.872" level="INFO" html="true">Appended to file '&lt;a href="file://E:\automation\hrms-robot\results\exported_test_data\ems\EMS_Mehul_Loyal_20_Aug_21__02_43_05_AM.txt"&gt;E:\automation\hrms-robot\results\exported_test_data\ems\EMS_Mehul_Loyal_20_Aug_21__02_43_05_AM.txt&lt;/a&gt;'.</msg>
<status status="PASS" starttime="20210820 02:43:40.872" endtime="20210820 02:43:40.872"/>
</kw>
<status status="PASS" starttime="20210820 02:43:40.602" endtime="20210820 02:43:40.873"/>
</kw>
<kw name="Click Action Button" library="common_keywords">
<arg>${addressInfoSaveBtn}</arg>
<doc>Click Button</doc>
<kw name="Scroll If Elemenet Is Not Visible" library="common_keywords">
<arg>${locator}</arg>
<doc>Scroll element into view if not visible //form[@id='addressform']//button[normalize-space()='Save']</doc>
<kw name="Wait Until Element Is Visible" library="SeleniumLibrary">
<arg>${locator}</arg>
<doc>Waits until the element ``locator`` is visible.</doc>
<status status="PASS" starttime="20210820 02:43:40.874" endtime="20210820 02:43:40.900"/>
</kw>
<kw name="Get Element Count" library="SeleniumLibrary">
<var>${is_visible}</var>
<arg>${locator}</arg>
<doc>Returns the number of elements matching ``locator``.</doc>
<msg timestamp="20210820 02:43:40.914" level="INFO">${is_visible} = 1</msg>
<status status="PASS" starttime="20210820 02:43:40.900" endtime="20210820 02:43:40.914"/>
</kw>
<kw name="Run Keyword If" library="BuiltIn">
<arg>${is_visible}&lt;1</arg>
<arg>scroll element into view</arg>
<arg>${locator}</arg>
<doc>Runs the given keyword with the given arguments, if ``condition`` is true.</doc>
<status status="PASS" starttime="20210820 02:43:40.914" endtime="20210820 02:43:40.915"/>
</kw>
<status status="PASS" starttime="20210820 02:43:40.873" endtime="20210820 02:43:40.915"/>
</kw>
<kw name="Wait Until Element Is Enabled" library="SeleniumLibrary">
<arg>${locator}</arg>
<doc>Waits until the element ``locator`` is enabled.</doc>
<status status="PASS" starttime="20210820 02:43:40.915" endtime="20210820 02:43:40.939"/>
</kw>
<kw name="Click Element" library="SeleniumLibrary">
<arg>${locator}</arg>
<doc>Click the element identified by ``locator``.</doc>
<msg timestamp="20210820 02:43:40.939" level="INFO">Clicking element '//form[@id='addressform']//button[normalize-space()='Save']'.</msg>
<status status="PASS" starttime="20210820 02:43:40.939" endtime="20210820 02:43:41.070"/>
</kw>
<status status="PASS" starttime="20210820 02:43:40.873" endtime="20210820 02:43:41.070"/>
</kw>
<kw name="Verify Toaster Message" library="common_keywords">
<doc>Capturing Toaster Message</doc>
<kw name="Wait Until Element Is Visible" library="SeleniumLibrary">
<arg>css:.toast-message</arg>
<doc>Waits until the element ``locator`` is visible.</doc>
<status status="PASS" starttime="20210820 02:43:41.071" endtime="20210820 02:43:42.024"/>
</kw>
<kw name="Get Text" library="SeleniumLibrary">
<var>${toaster_msg}</var>
<arg>css:.toast-message</arg>
<doc>Returns the text value of the element identified by ``locator``.</doc>
<msg timestamp="20210820 02:43:42.054" level="INFO">${toaster_msg} = Address information has been saved successfully.</msg>
<status status="PASS" starttime="20210820 02:43:42.024" endtime="20210820 02:43:42.054"/>
</kw>
<kw name="Log" library="BuiltIn">
<arg>${toaster_msg}</arg>
<doc>Logs the given message with the given level.</doc>
<msg timestamp="20210820 02:43:42.054" level="INFO">Address information has been saved successfully.</msg>
<status status="PASS" starttime="20210820 02:43:42.054" endtime="20210820 02:43:42.054"/>
</kw>
<kw name="Capture Page Screenshot" library="SeleniumLibrary">
<doc>Takes a screenshot of the current page and embeds it into a log file.</doc>
<msg timestamp="20210820 02:43:42.206" level="INFO" html="true">&lt;/td&gt;&lt;/tr&gt;&lt;tr&gt;&lt;td colspan="3"&gt;&lt;a href="selenium-screenshot-9.png"&gt;&lt;img src="selenium-screenshot-9.png" width="800px"&gt;&lt;/a&gt;</msg>
<status status="PASS" starttime="20210820 02:43:42.055" endtime="20210820 02:43:42.206"/>
</kw>
<kw name="Wait Until Element Is Not Visible" library="SeleniumLibrary">
[...]
<msg timestamp="20210820 02:44:40.326" level="INFO" html="true">Appended to file '&lt;a href="file://E:\automation\hrms-robot\results\exported_test_data\ems\EMS_Mehul_Loyal_20_Aug_21__02_43_05_AM.txt"&gt;E:\automation\hrms-robot\results\exported_test_data\ems\EMS_Mehul_Loyal_20_Aug_21__02_43_05_AM.txt&lt;/a&gt;'.</msg>
<status status="PASS" starttime="20210820 02:44:40.325" endtime="20210820 02:44:40.326"/>
</kw>
<status status="PASS" starttime="20210820 02:44:32.641" endtime="20210820 02:44:40.326"/>
</kw>
<status status="PASS" starttime="20210820 02:44:17.247" endtime="20210820 02:44:40.326"/>
</kw>
<status status="PASS" starttime="20210820 02:43:14.895" endtime="20210820 02:44:40.326"/>
</kw>
<kw name="Approve Employee By Admin" library="employee_approval_smoke_keywords">
<kw name="Navigate To The Home Page" library="app_navigation_keywords">
<doc>Navigating to the Dashboard by click on Logo</doc>
<kw name="Wait Until Element Is Visible" library="SeleniumLibrary">
<arg>${index_logo}</arg>
<doc>Waits until the element ``locator`` is visible.</doc>
<status status="PASS" starttime="20210820 02:44:40.328" endtime="20210820 02:44:40.348"/>
</kw>
<kw name="Click Element" library="SeleniumLibrary">
<arg>${index_logo}</arg>
<doc>Click the element identified by ``locator``.</doc>
<msg timestamp="20210820 02:44:40.348" level="INFO">Clicking element '//a[@routerlink='/admin/index']'.</msg>
<status status="PASS" starttime="20210820 02:44:40.348" endtime="20210820 02:44:40.571"/>
</kw>
<kw name="Wait Until Element Is Visible" library="SeleniumLibrary">
<arg>${dashboard_header}</arg>
<doc>Waits until the element ``locator`` is visible.</doc>
<status status="PASS" starttime="20210820 02:44:40.572" endtime="20210820 02:44:40.610"/>
</kw>
<status status="PASS" starttime="20210820 02:44:40.327" endtime="20210820 02:44:40.610"/>
</kw>
<kw name="Navigate To Employee Approval Screen" library="app_navigation_keywords">
<doc>Navigate to the employee approval wizard</doc>
<kw name="Wait Until Element Is Visible" library="SeleniumLibrary">
<arg>${menu_icon}</arg>
<doc>Waits until the element ``locator`` is visible.</doc>
<status status="PASS" starttime="20210820 02:44:40.611" endtime="20210820 02:44:40.638"/>
</kw>
<kw name="Click Element" library="SeleniumLibrary">
<arg>${menu_icon}</arg>
<doc>Click the element identified by ``locator``.</doc>
<msg timestamp="20210820 02:44:40.639" level="INFO">Clicking element '//i[@class='m-menu__link-icon flaticon-user-add']'.</msg>
<status status="PASS" starttime="20210820 02:44:40.638" endtime="20210820 02:44:40.723"/>
</kw>
<kw name="Wait Until Element Is Visible" library="SeleniumLibrary">
<arg>${employee_approval_option}</arg>
<doc>Waits until the element ``locator`` is visible.</doc>
<status status="PASS" starttime="20210820 02:44:40.723" endtime="20210820 02:44:40.753"/>
</kw>
<kw name="Click Element" library="SeleniumLibrary">
<arg>${employee_approval_option}</arg>
<doc>Click the element identified by ``locator``.</doc>
<msg timestamp="20210820 02:44:40.754" level="INFO">Clicking element '//span[normalize-space()='Employee Approval']'.</msg>
<status status="PASS" starttime="20210820 02:44:40.753" endtime="20210820 02:44:40.853"/>
</kw>
<kw name="Wait Until Element Is Visible" library="SeleniumLibrary">
<arg>${employee_approval_screen_header}</arg>
<doc>Waits until the element ``locator`` is visible.</doc>
<status status="PASS" starttime="20210820 02:44:40.853" endtime="20210820 02:44:41.314"/>
</kw>
<status status="PASS" starttime="20210820 02:44:40.611" endtime="20210820 02:44:41.314"/>
</kw>
<kw name="Search By ID/Name" library="employee_approval_smoke_keywords">
<kw name="Wait Until Element Is Visible" library="SeleniumLibrary">
<arg>${approval_search_field}</arg>
<doc>Waits until the element ``locator`` is visible.</doc>
<status status="PASS" starttime="20210820 02:44:41.315" endtime="20210820 02:44:41.353"/>
</kw>
<kw name="Wait Until Element Is Enabled" library="SeleniumLibrary">
<arg>${approval_search_field}</arg>
<doc>Waits until the element ``locator`` is enabled.</doc>
<status status="PASS" starttime="20210820 02:44:41.353" endtime="20210820 02:44:41.380"/>
</kw>
<kw name="Input Text" library="SeleniumLibrary">
<arg>${approval_search_field}</arg>
<arg>${emp_id}</arg>
<doc>Types the given ``text`` into the text field identified by ``locator``.</doc>
<msg timestamp="20210820 02:44:41.381" level="INFO">Typing text 'SSPL124805' into text field '//input[@id='created-employee-Approval-Search']'.</msg>
<status status="PASS" starttime="20210820 02:44:41.380" endtime="20210820 02:44:41.545"/>
</kw>
<kw name="Append To File" library="OperatingSystem">
<arg>${file_path}</arg>
<arg>Search Field: Searched employee by ID - ${emp_id}\n</arg>
<doc>Appends the given content to the specified file.</doc>
<msg timestamp="20210820 02:44:41.547" level="INFO" html="true">Appended to file '&lt;a href="file://E:\automation\hrms-robot\results\exported_test_data\ems\EMS_Mehul_Loyal_20_Aug_21__02_43_05_AM.txt"&gt;E:\automation\hrms-robot\results\exported_test_data\ems\EMS_Mehul_Loyal_20_Aug_21__02_43_05_AM.txt&lt;/a&gt;'.</msg>
<status status="PASS" starttime="20210820 02:44:41.545" endtime="20210820 02:44:41.548"/>
</kw>
<status status="PASS" starttime="20210820 02:44:41.315" endtime="20210820 02:44:41.548"/>
</kw>
<kw name="Click On Employee Name After Searching" library="employee_approval_smoke_keywords">
<kw name="Wait Until Element Is Visible" library="SeleniumLibrary">
<arg>${employee_name_link}</arg>
<doc>Waits until the element ``locator`` is visible.</doc>
<status status="PASS" starttime="20210820 02:44:41.549" endtime="20210820 02:44:44.417"/>
</kw>
<kw name="Click Element" library="SeleniumLibrary">
<arg>${employee_name_link}</arg>
<doc>Click the element identified by ``locator``.</doc>
<msg timestamp="20210820 02:44:44.418" level="INFO">Clicking element '//div//table//tbody//div//tr//span//a[contains(text(),'Mehul Loyal')]'.</msg>
<status status="PASS" starttime="20210820 02:44:44.418" endtime="20210820 02:44:45.985"/>
</kw>
<kw name="Append To File" library="OperatingSystem">
<arg>${file_path}</arg>
<arg>Clicked on - ${full_name}\n</arg>
<doc>Appends the given content to the specified file.</doc>
<msg timestamp="20210820 02:44:45.986" level="INFO" html="true">Appended to file '&lt;a href="file://E:\automation\hrms-robot\results\exported_test_data\ems\EMS_Mehul_Loyal_20_Aug_21__02_43_05_AM.txt"&gt;E:\automation\hrms-robot\results\exported_test_data\ems\EMS_Mehul_Loyal_20_Aug_21__02_43_05_AM.txt&lt;/a&gt;'.</msg>
<status status="PASS" starttime="20210820 02:44:45.985" endtime="20210820 02:44:45.986"/>
</kw>
<kw name="Wait Until Element Is Visible" library="SeleniumLibrary">
<arg>//h3[normalize-space()='Candidate wizard']</arg>
<doc>Waits until the element ``locator`` is visible.</doc>
<status status="PASS" starttime="20210820 02:44:45.986" endtime="20210820 02:44:46.015"/>
</kw>
<status status="PASS" starttime="20210820 02:44:41.548" endtime="20210820 02:44:46.015"/>
</kw>
<kw name="Click On Profile Tab and Approve" library="employee_approval_smoke_keywords">
<doc>Click on Profile tab in EMS wizard and approve the employee</doc>
<kw name="Wait Until Element Is Visible" library="SeleniumLibrary">
<arg>${approval_profile_tab}</arg>
<doc>Waits until the element ``locator`` is visible.</doc>
<status status="PASS" starttime="20210820 02:44:46.016" endtime="20210820 02:44:46.044"/>
</kw>
<kw name="Click Element" library="SeleniumLibrary">
<arg>${approval_profile_tab}</arg>
<doc>Click the element identified by ``locator``.</doc>
<msg timestamp="20210820 02:44:46.045" level="INFO">Clicking element '//a[normalize-space()='Profile']'.</msg>
<status status="PASS" starttime="20210820 02:44:46.044" endtime="20210820 02:44:46.151"/>
</kw>
<kw name="Scroll Element Into View" library="SeleniumLibrary">
<arg>${approve_ems_btn}</arg>
<doc>Scrolls the element identified by ``locator`` into view.</doc>
<status status="PASS" starttime="20210820 02:44:46.151" endtime="20210820 02:44:46.439"/>
</kw>
<kw name="Wait Until Element Is Enabled" library="SeleniumLibrary">
<arg>${approve_ems_btn}</arg>
<doc>Waits until the element ``locator`` is enabled.</doc>
<status status="PASS" starttime="20210820 02:44:46.440" endtime="20210820 02:44:46.479"/>
</kw>
<kw name="Click Element" library="SeleniumLibrary">
<arg>${approve_ems_btn}</arg>
<doc>Click the element identified by ``locator``.</doc>
<msg timestamp="20210820 02:44:46.480" level="INFO">Clicking element '//button[normalize-space()='Approve']'.</msg>
<status status="PASS" starttime="20210820 02:44:46.480" endtime="20210820 02:44:46.594"/>
</kw>
<kw name="Wait Until Element Is Visible" library="SeleniumLibrary">
<arg>${employee_approval_confirmation_header}</arg>
<doc>Waits until the element ``locator`` is visible.</doc>
<status status="PASS" starttime="20210820 02:44:46.594" endtime="20210820 02:44:46.848"/>
</kw>
<kw name="Fill Data In Input Field" library="common_keywords">
<arg>${remark_field}</arg>
<arg>Approved by Rahul</arg>
<arg>Remark Field</arg>
<doc>Fill Data In Input Field "${locator}" with value = ${value}</doc>
<kw name="Scroll If Elemenet Is Not Visible" library="common_keywords">
<arg>${locator}</arg>
<doc>Scroll element into view if not visible //textarea[@name='remark']</doc>
<kw name="Wait Until Element Is Visible" library="SeleniumLibrary">
<arg>${locator}</arg>
<doc>Waits until the element ``locator`` is visible.</doc>
<status status="PASS" starttime="20210820 02:44:46.856" endtime="20210820 02:44:46.879"/>
</kw>
<kw name="Get Element Count" library="SeleniumLibrary">
<var>${is_visible}</var>
<arg>${locator}</arg>
<doc>Returns the number of elements matching ``locator``.</doc>
<msg timestamp="20210820 02:44:46.895" level="INFO">${is_visible} = 1</msg>
<status status="PASS" starttime="20210820 02:44:46.880" endtime="20210820 02:44:46.895"/>
</kw>
<kw name="Run Keyword If" library="BuiltIn">
<arg>${is_visible}&lt;1</arg>
<arg>scroll element into view</arg>
<arg>${locator}</arg>
<doc>Runs the given keyword with the given arguments, if ``condition`` is true.</doc>
<status status="PASS" starttime="20210820 02:44:46.896" endtime="20210820 02:44:46.896"/>
</kw>
<status status="PASS" starttime="20210820 02:44:46.856" endtime="20210820 02:44:46.896"/>
</kw>
<kw name="Wait Until Element Is Visible" library="SeleniumLibrary">
<arg>${locator}</arg>
<doc>Waits until the element ``locator`` is visible.</doc>
<status status="PASS" starttime="20210820 02:44:46.896" endtime="20210820 02:44:46.914"/>
</kw>
<kw name="Wait Until Element Is Enabled" library="SeleniumLibrary">
<arg>${locator}</arg>
<doc>Waits until the element ``locator`` is enabled.</doc>
<status status="PASS" starttime="20210820 02:44:46.914" endtime="20210820 02:44:46.935"/>
</kw>
<kw name="Input Text" library="SeleniumLibrary">
<arg>${locator}</arg>
<arg>${value}</arg>
<doc>Types the given ``text`` into the text field identified by ``locator``.</doc>
<msg timestamp="20210820 02:44:46.936" level="INFO">Typing text 'Approved by Rahul' into text field '//textarea[@name='remark']'.</msg>
<status status="PASS" starttime="20210820 02:44:46.936" endtime="20210820 02:44:47.285"/>
</kw>
<kw name="Append To File" library="OperatingSystem">
<arg>${file_path}</arg>
<arg>${field_name} : ${value}\n</arg>
<doc>Appends the given content to the specified file.</doc>
<msg timestamp="20210820 02:44:47.286" level="INFO" html="true">Appended to file '&lt;a href="file://E:\automation\hrms-robot\results\exported_test_data\ems\EMS_Mehul_Loyal_20_Aug_21__02_43_05_AM.txt"&gt;E:\automation\hrms-robot\results\exported_test_data\ems\EMS_Mehul_Loyal_20_Aug_21__02_43_05_AM.txt&lt;/a&gt;'.</msg>
<status status="PASS" starttime="20210820 02:44:47.285" endtime="20210820 02:44:47.286"/>
</kw>
<status status="PASS" starttime="20210820 02:44:46.855" endtime="20210820 02:44:47.287"/>
</kw>
<kw name="Click On Element" library="common_keywords">
<arg>${send_btn}</arg>
<doc>Clicking on the element ${locator}</doc>
<kw name="Scroll If Elemenet Is Not Visible" library="common_keywords">
<arg>${locator}</arg>
<doc>Scroll element into view if not visible //button[normalize-space()='Send']</doc>
<kw name="Wait Until Element Is Visible" library="SeleniumLibrary">
<arg>${locator}</arg>
<doc>Waits until the element ``locator`` is visible.</doc>
<status status="PASS" starttime="20210820 02:44:47.292" endtime="20210820 02:44:47.307"/>
</kw>
<kw name="Get Element Count" library="SeleniumLibrary">
<var>${is_visible}</var>
<arg>${locator}</arg>
<doc>Returns the number of elements matching ``locator``.</doc>
<msg timestamp="20210820 02:44:47.307" level="INFO">${is_visible} = 1</msg>
<status status="PASS" starttime="20210820 02:44:47.307" endtime="20210820 02:44:47.307"/>
</kw>
<kw name="Run Keyword If" library="BuiltIn">
<arg>${is_visible}&lt;1</arg>
<arg>scroll element into view</arg>
<arg>${locator}</arg>
<doc>Runs the given keyword with the given arguments, if ``condition`` is true.</doc>
<status status="PASS" starttime="20210820 02:44:47.307" endtime="20210820 02:44:47.307"/>
</kw>
<status status="PASS" starttime="20210820 02:44:47.291" endtime="20210820 02:44:47.307"/>
</kw>
<kw name="Wait Until Element Is Enabled" library="SeleniumLibrary">
<arg>${locator}</arg>
<doc>Waits until the element ``locator`` is enabled.</doc>
<status status="PASS" starttime="20210820 02:44:47.307" endtime="20210820 02:44:47.348"/>
</kw>
<kw name="Click Element" library="SeleniumLibrary">
<arg>${locator}</arg>
<doc>Click the element identified by ``locator``.</doc>
<msg timestamp="20210820 02:44:47.349" level="INFO">Clicking element '//button[normalize-space()='Send']'.</msg>
<status status="PASS" starttime="20210820 02:44:47.348" endtime="20210820 02:44:47.591"/>
</kw>
<status status="PASS" starttime="20210820 02:44:47.291" endtime="20210820 02:44:47.592"/>
</kw>
<kw name="Capture Page Screenshot" library="SeleniumLibrary">
<doc>Takes a screenshot of the current page and embeds it into a log file.</doc>
<msg timestamp="20210820 02:44:47.787" level="INFO" html="true">&lt;/td&gt;&lt;/tr&gt;&lt;tr&gt;&lt;td colspan="3"&gt;&lt;a href="selenium-screenshot-13.png"&gt;&lt;img src="selenium-screenshot-13.png" width="800px"&gt;&lt;/a&gt;</msg>
<status status="PASS" starttime="20210820 02:44:47.592" endtime="20210820 02:44:47.787"/>
</kw>
<kw name="Verify Toaster Message" library="common_keywords">
<doc>Capturing Toaster Message</doc>
<kw name="Wait Until Element Is Visible" library="SeleniumLibrary">
<arg>css:.toast-message</arg>
<doc>Waits until the element ``locator`` is visible.</doc>
<status status="PASS" starttime="20210820 02:44:47.788" endtime="20210820 02:44:48.887"/>
</kw>
<kw name="Get Text" library="SeleniumLibrary">
<var>${toaster_msg}</var>
<arg>css:.toast-message</arg>
<doc>Returns the text value of the element identified by ``locator``.</doc>
<msg timestamp="20210820 02:44:48.917" level="INFO">${toaster_msg} = Created Employee successfully Approved</msg>
<status status="PASS" starttime="20210820 02:44:48.887" endtime="20210820 02:44:48.917"/>
</kw>
<kw name="Log" library="BuiltIn">
<arg>${toaster_msg}</arg>
<doc>Logs the given message with the given level.</doc>
<msg timestamp="20210820 02:44:48.917" level="INFO">Created Employee successfully Approved</msg>
<status status="PASS" starttime="20210820 02:44:48.917" endtime="20210820 02:44:48.917"/>
</kw>
<kw name="Capture Page Screenshot" library="SeleniumLibrary">
<doc>Takes a screenshot of the current page and embeds it into a log file.</doc>
<msg timestamp="20210820 02:44:49.112" level="INFO" html="true">&lt;/td&gt;&lt;/tr&gt;&lt;tr&gt;&lt;td colspan="3"&gt;&lt;a href="selenium-screenshot-14.png"&gt;&lt;img src="selenium-screenshot-14.png" width="800px"&gt;&lt;/a&gt;</msg>
<status status="PASS" starttime="20210820 02:44:48.917" endtime="20210820 02:44:49.112"/>
</kw>
<kw name="Wait Until Element Is Not Visible" library="SeleniumLibrary">
<arg>css:.toast-message</arg>
<doc>Waits until the element ``locator`` is not visible.</doc>
<status status="PASS" starttime="20210820 02:44:49.113" endtime="20210820 02:44:54.743"/>
</kw>
<kw name="Append To File" library="OperatingSystem">
<arg>${file_path}</arg>
<arg>\nToaster Message - ${toaster_msg}</arg>
<doc>Appends the given content to the specified file.</doc>
<msg timestamp="20210820 02:44:54.744" level="INFO" html="true">Appended to file '&lt;a href="file://E:\automation\hrms-robot\results\exported_test_data\ems\EMS_Mehul_Loyal_20_Aug_21__02_43_05_AM.txt"&gt;E:\automation\hrms-robot\results\exported_test_data\ems\EMS_Mehul_Loyal_20_Aug_21__02_43_05_AM.txt&lt;/a&gt;'.</msg>
<status status="PASS" starttime="20210820 02:44:54.744" endtime="20210820 02:44:54.745"/>
</kw>
<status status="PASS" starttime="20210820 02:44:47.788" endtime="20210820 02:44:54.745"/>
</kw>
<status status="PASS" starttime="20210820 02:44:46.015" endtime="20210820 02:44:54.745"/>
</kw>
<kw name="Return Login Credential in Test Data File" library="employee_approval_smoke_keywords">
<kw name="Append To File" library="OperatingSystem">
<arg>${file_path}</arg>
<arg>${\n}Employee is successfully approved in the system. Please login with following credential.</arg>
<doc>Appends the given content to the specified file.</doc>
<msg timestamp="20210820 02:44:54.746" level="INFO" html="true">Appended to file '&lt;a href="file://E:\automation\hrms-robot\results\exported_test_data\ems\EMS_Mehul_Loyal_20_Aug_21__02_43_05_AM.txt"&gt;E:\automation\hrms-robot\results\exported_test_data\ems\EMS_Mehul_Loyal_20_Aug_21__02_43_05_AM.txt&lt;/a&gt;'.</msg>
<status status="PASS" starttime="20210820 02:44:54.745" endtime="20210820 02:44:54.746"/>
</kw>
<kw name="Append To File" library="OperatingSystem">
<arg>${file_path}</arg>
<arg>Email Id: ${official_email}</arg>
<doc>Appends the given content to the specified file.</doc>
<msg timestamp="20210820 02:44:54.747" level="INFO" html="true">Appended to file '&lt;a href="file://E:\automation\hrms-robot\results\exported_test_data\ems\EMS_Mehul_Loyal_20_Aug_21__02_43_05_AM.txt"&gt;E:\automation\hrms-robot\results\exported_test_data\ems\EMS_Mehul_Loyal_20_Aug_21__02_43_05_AM.txt&lt;/a&gt;'.</msg>
<status status="PASS" starttime="20210820 02:44:54.746" endtime="20210820 02:44:54.747"/>
</kw>
<kw name="Append To File" library="OperatingSystem">
<arg>${file_path}</arg>
<arg>Password: ${mobile_no}[-4:]</arg>
<doc>Appends the given content to the specified file.</doc>
<msg timestamp="20210820 02:44:54.748" level="INFO" html="true">Appended to file '&lt;a href="file://E:\automation\hrms-robot\results\exported_test_data\ems\EMS_Mehul_Loyal_20_Aug_21__02_43_05_AM.txt"&gt;E:\automation\hrms-robot\results\exported_test_data\ems\EMS_Mehul_Loyal_20_Aug_21__02_43_05_AM.txt&lt;/a&gt;'.</msg>
<status status="PASS" starttime="20210820 02:44:54.747" endtime="20210820 02:44:54.748"/>
</kw>
<status status="PASS" starttime="20210820 02:44:54.745" endtime="20210820 02:44:54.749"/>
</kw>
<status status="PASS" starttime="20210820 02:44:40.327" endtime="20210820 02:44:54.749"/>
</kw>
<kw name="TearDown" library="base_keywords" type="TEARDOWN">
<doc>Quitting browser</doc>
<kw name="Close Browser" library="SeleniumLibrary">
<doc>Closes the current browser.</doc>
<status status="PASS" starttime="20210820 02:44:54.750" endtime="20210820 02:44:57.031"/>
</kw>
<status status="PASS" starttime="20210820 02:44:54.749" endtime="20210820 02:44:57.031"/>
</kw>
<tag>smoke</tag>
<status status="PASS" starttime="20210820 02:43:05.380" endtime="20210820 02:44:57.031"/>
</test>
<status status="PASS" starttime="20210820 02:43:04.762" endtime="20210820 02:44:57.031"/>
</suite>
<statistics>
<total>
<stat pass="1" fail="0" skip="0">All Tests</stat>
</total>
<tag>
<stat pass="1" fail="0" skip="0">smoke</stat>
</tag>
<suite>
<stat pass="1" fail="0" skip="0" id="s1" name="Create Employee And Approve">Create Employee And Approve</stat>
</suite>
</statistics>
<errors>
</errors>
</robot>
